[2020-05-28 20:30:57.830] [exthost] [info] extension host started
[2020-05-28 20:30:58.002] [exthost] [info] ExtensionService#_doActivateExtension vscode.debug-auto-launch {"startup":true,"extensionId":{"value":"vscode.debug-auto-launch","_lower":"vscode.debug-auto-launch"},"activationEvent":"*"}
[2020-05-28 20:30:58.003] [exthost] [info] ExtensionService#loadCommonJSModule file:///home/tel/.vscode-server/bin/5763d909d5f12fe19f215cbfdd29a91c0fa9208a/extensions/debug-auto-launch/dist/extension
[2020-05-28 20:30:58.013] [exthost] [info] ExtensionService#_doActivateExtension vscode.emmet {"startup":true,"extensionId":{"value":"vscode.emmet","_lower":"vscode.emmet"},"activationEvent":"*"}
[2020-05-28 20:30:58.013] [exthost] [info] ExtensionService#loadCommonJSModule file:///home/tel/.vscode-server/bin/5763d909d5f12fe19f215cbfdd29a91c0fa9208a/extensions/emmet/dist/extension
[2020-05-28 20:30:58.108] [exthost] [info] ExtensionService#_doActivateExtension vscode.git {"startup":true,"extensionId":{"value":"vscode.git","_lower":"vscode.git"},"activationEvent":"*"}
[2020-05-28 20:30:58.108] [exthost] [info] ExtensionService#loadCommonJSModule file:///home/tel/.vscode-server/bin/5763d909d5f12fe19f215cbfdd29a91c0fa9208a/extensions/git/dist/main
[2020-05-28 20:30:58.213] [exthost] [info] ExtensionService#_doActivateExtension vscode.github-authentication {"startup":true,"extensionId":{"value":"vscode.github-authentication","_lower":"vscode.github-authentication"},"activationEvent":"*"}
[2020-05-28 20:30:58.214] [exthost] [info] ExtensionService#loadCommonJSModule file:///home/tel/.vscode-server/bin/5763d909d5f12fe19f215cbfdd29a91c0fa9208a/extensions/github-authentication/dist/extension.js
[2020-05-28 20:30:58.241] [exthost] [info] ExtensionService#_doActivateExtension vscode.merge-conflict {"startup":true,"extensionId":{"value":"vscode.merge-conflict","_lower":"vscode.merge-conflict"},"activationEvent":"*"}
[2020-05-28 20:30:58.241] [exthost] [info] ExtensionService#loadCommonJSModule file:///home/tel/.vscode-server/bin/5763d909d5f12fe19f215cbfdd29a91c0fa9208a/extensions/merge-conflict/dist/extension
[2020-05-28 20:30:58.251] [exthost] [info] ExtensionService#_doActivateExtension vscode.search-result {"startup":true,"extensionId":{"value":"vscode.search-result","_lower":"vscode.search-result"},"activationEvent":"*"}
[2020-05-28 20:30:58.251] [exthost] [info] ExtensionService#loadCommonJSModule file:///home/tel/.vscode-server/bin/5763d909d5f12fe19f215cbfdd29a91c0fa9208a/extensions/search-result/dist/extension.js
[2020-05-28 20:30:58.253] [exthost] [info] ExtensionService#_doActivateExtension vscode.vscode-account {"startup":true,"extensionId":{"value":"vscode.vscode-account","_lower":"vscode.vscode-account"},"activationEvent":"*"}
[2020-05-28 20:30:58.254] [exthost] [info] ExtensionService#loadCommonJSModule file:///home/tel/.vscode-server/bin/5763d909d5f12fe19f215cbfdd29a91c0fa9208a/extensions/vscode-account/dist/extension.js
[2020-05-28 20:30:58.291] [exthost] [info] eager extensions activated
[2020-05-28 22:10:49.761] [exthost] [info] ExtensionService#_doActivateExtension vscode.configuration-editing {"startup":false,"extensionId":{"value":"vscode.configuration-editing","_lower":"vscode.configuration-editing"},"activationEvent":"onLanguage:json"}
[2020-05-28 22:10:49.761] [exthost] [info] ExtensionService#loadCommonJSModule file:///home/tel/.vscode-server/bin/5763d909d5f12fe19f215cbfdd29a91c0fa9208a/extensions/configuration-editing/dist/extension
[2020-05-28 22:10:49.816] [exthost] [info] ExtensionService#_doActivateExtension vscode.extension-editing {"startup":false,"extensionId":{"value":"vscode.extension-editing","_lower":"vscode.extension-editing"},"activationEvent":"onLanguage:json"}
[2020-05-28 22:10:49.816] [exthost] [info] ExtensionService#loadCommonJSModule file:///home/tel/.vscode-server/bin/5763d909d5f12fe19f215cbfdd29a91c0fa9208a/extensions/extension-editing/dist/extension
[2020-05-28 22:10:49.832] [exthost] [info] ExtensionService#_doActivateExtension vscode.json-language-features {"startup":false,"extensionId":{"value":"vscode.json-language-features","_lower":"vscode.json-language-features"},"activationEvent":"onLanguage:json"}
[2020-05-28 22:10:49.832] [exthost] [info] ExtensionService#loadCommonJSModule file:///home/tel/.vscode-server/bin/5763d909d5f12fe19f215cbfdd29a91c0fa9208a/extensions/json-language-features/client/dist/jsonMain
[2020-05-28 22:10:49.909] [exthost] [info] ExtensionService#_doActivateExtension vscode.npm {"startup":false,"extensionId":{"value":"vscode.npm","_lower":"vscode.npm"},"activationEvent":"onLanguage:json"}
[2020-05-28 22:10:49.909] [exthost] [info] ExtensionService#loadCommonJSModule file:///home/tel/.vscode-server/bin/5763d909d5f12fe19f215cbfdd29a91c0fa9208a/extensions/npm/dist/main
[2020-05-29 14:43:44.772] [exthost] [info] ExtensionService#_doActivateExtension vscode.html-language-features {"startup":false,"extensionId":{"value":"vscode.html-language-features","_lower":"vscode.html-language-features"},"activationEvent":"onLanguage:html"}
[2020-05-29 14:43:44.773] [exthost] [info] ExtensionService#loadCommonJSModule file:///home/tel/.vscode-server/bin/5763d909d5f12fe19f215cbfdd29a91c0fa9208a/extensions/html-language-features/client/dist/htmlMain
