[2020-06-29 23:51:13.662] [exthost] [info] extension host started
[2020-06-29 23:51:13.943] [exthost] [info] ExtensionService#_doActivateExtension octref.vetur {"startup":false,"extensionId":{"value":"octref.vetur","_lower":"octref.vetur"},"activationEvent":"onLanguage:vue"}
[2020-06-29 23:51:13.943] [exthost] [info] ExtensionService#loadCommonJSModule file:///home/tel/.vscode-server/extensions/octref.vetur-0.24.0/dist/client/vueMain
[2020-06-29 23:51:14.431] [exthost] [info] ExtensionService#_doActivateExtension vscode.configuration-editing {"startup":false,"extensionId":{"value":"vscode.configuration-editing","_lower":"vscode.configuration-editing"},"activationEvent":"onLanguage:json"}
[2020-06-29 23:51:14.431] [exthost] [info] ExtensionService#loadCommonJSModule file:///home/tel/.vscode-server/bin/cd9ea6488829f560dc949a8b2fb789f3cdc05f5d/extensions/configuration-editing/dist/extension
[2020-06-29 23:51:14.457] [exthost] [info] ExtensionService#_doActivateExtension vscode.extension-editing {"startup":false,"extensionId":{"value":"vscode.extension-editing","_lower":"vscode.extension-editing"},"activationEvent":"onLanguage:json"}
[2020-06-29 23:51:14.457] [exthost] [info] ExtensionService#loadCommonJSModule file:///home/tel/.vscode-server/bin/cd9ea6488829f560dc949a8b2fb789f3cdc05f5d/extensions/extension-editing/dist/extension
[2020-06-29 23:51:14.481] [exthost] [info] ExtensionService#_doActivateExtension vscode.json-language-features {"startup":false,"extensionId":{"value":"vscode.json-language-features","_lower":"vscode.json-language-features"},"activationEvent":"onLanguage:json"}
[2020-06-29 23:51:14.481] [exthost] [info] ExtensionService#loadCommonJSModule file:///home/tel/.vscode-server/bin/cd9ea6488829f560dc949a8b2fb789f3cdc05f5d/extensions/json-language-features/client/dist/jsonMain
[2020-06-29 23:51:14.664] [exthost] [info] ExtensionService#_doActivateExtension ms-vscode.js-debug {"startup":false,"extensionId":{"value":"ms-vscode.js-debug","_lower":"ms-vscode.js-debug"},"activationEvent":"onLanguage:json"}
[2020-06-29 23:51:14.664] [exthost] [info] ExtensionService#loadCommonJSModule file:///home/tel/.vscode-server/bin/cd9ea6488829f560dc949a8b2fb789f3cdc05f5d/extensions/ms-vscode.js-debug/src/extension.js
[2020-06-29 23:51:15.905] [exthost] [info] ExtensionService#_doActivateExtension vscode.npm {"startup":false,"extensionId":{"value":"vscode.npm","_lower":"vscode.npm"},"activationEvent":"onLanguage:json"}
[2020-06-29 23:51:15.905] [exthost] [info] ExtensionService#loadCommonJSModule file:///home/tel/.vscode-server/bin/cd9ea6488829f560dc949a8b2fb789f3cdc05f5d/extensions/npm/dist/main
[2020-06-29 23:51:16.105] [exthost] [info] ExtensionService#_doActivateExtension vscode.typescript-language-features {"startup":false,"extensionId":{"value":"vscode.typescript-language-features","_lower":"vscode.typescript-language-features"},"activationEvent":"onLanguage:typescript"}
[2020-06-29 23:51:16.105] [exthost] [info] ExtensionService#loadCommonJSModule file:///home/tel/.vscode-server/bin/cd9ea6488829f560dc949a8b2fb789f3cdc05f5d/extensions/typescript-language-features/dist/extension
[2020-06-29 23:51:16.246] [exthost] [info] ExtensionService#_doActivateExtension vscode.css-language-features {"startup":false,"extensionId":{"value":"vscode.css-language-features","_lower":"vscode.css-language-features"},"activationEvent":"onLanguage:css"}
[2020-06-29 23:51:16.246] [exthost] [info] ExtensionService#loadCommonJSModule file:///home/tel/.vscode-server/bin/cd9ea6488829f560dc949a8b2fb789f3cdc05f5d/extensions/css-language-features/client/dist/node/cssClientMain
[2020-06-29 23:51:16.380] [exthost] [info] ExtensionService#_doActivateExtension vscode.emmet {"startup":false,"extensionId":{"value":"vscode.emmet","_lower":"vscode.emmet"},"activationEvent":"onLanguage:css"}
[2020-06-29 23:51:16.380] [exthost] [info] ExtensionService#loadCommonJSModule file:///home/tel/.vscode-server/bin/cd9ea6488829f560dc949a8b2fb789f3cdc05f5d/extensions/emmet/dist/extension
[2020-06-29 23:51:16.480] [exthost] [info] ExtensionService#_doActivateExtension vscode.debug-auto-launch {"startup":true,"extensionId":{"value":"vscode.debug-auto-launch","_lower":"vscode.debug-auto-launch"},"activationEvent":"*"}
[2020-06-29 23:51:16.481] [exthost] [info] ExtensionService#loadCommonJSModule file:///home/tel/.vscode-server/bin/cd9ea6488829f560dc949a8b2fb789f3cdc05f5d/extensions/debug-auto-launch/dist/extension
[2020-06-29 23:51:16.543] [exthost] [info] ExtensionService#_doActivateExtension vscode.git {"startup":true,"extensionId":{"value":"vscode.github","_lower":"vscode.github"},"activationEvent":"*"}
[2020-06-29 23:51:16.543] [exthost] [info] ExtensionService#loadCommonJSModule file:///home/tel/.vscode-server/bin/cd9ea6488829f560dc949a8b2fb789f3cdc05f5d/extensions/git/dist/main
[2020-06-29 23:51:16.765] [exthost] [info] ExtensionService#_doActivateExtension vscode.github-authentication {"startup":true,"extensionId":{"value":"vscode.github-authentication","_lower":"vscode.github-authentication"},"activationEvent":"*"}
[2020-06-29 23:51:16.771] [exthost] [info] ExtensionService#loadCommonJSModule file:///home/tel/.vscode-server/bin/cd9ea6488829f560dc949a8b2fb789f3cdc05f5d/extensions/github-authentication/dist/extension.js
[2020-06-29 23:51:16.848] [exthost] [info] ExtensionService#_doActivateExtension vscode.merge-conflict {"startup":true,"extensionId":{"value":"vscode.merge-conflict","_lower":"vscode.merge-conflict"},"activationEvent":"*"}
[2020-06-29 23:51:16.851] [exthost] [info] ExtensionService#loadCommonJSModule file:///home/tel/.vscode-server/bin/cd9ea6488829f560dc949a8b2fb789f3cdc05f5d/extensions/merge-conflict/dist/extension
[2020-06-29 23:51:16.876] [exthost] [info] ExtensionService#_doActivateExtension vscode.microsoft-authentication {"startup":true,"extensionId":{"value":"vscode.microsoft-authentication","_lower":"vscode.microsoft-authentication"},"activationEvent":"*"}
[2020-06-29 23:51:16.877] [exthost] [info] ExtensionService#loadCommonJSModule file:///home/tel/.vscode-server/bin/cd9ea6488829f560dc949a8b2fb789f3cdc05f5d/extensions/microsoft-authentication/dist/extension.js
[2020-06-29 23:51:16.942] [exthost] [info] ExtensionService#_doActivateExtension vscode.search-result {"startup":true,"extensionId":{"value":"vscode.search-result","_lower":"vscode.search-result"},"activationEvent":"*"}
[2020-06-29 23:51:16.943] [exthost] [info] ExtensionService#loadCommonJSModule file:///home/tel/.vscode-server/bin/cd9ea6488829f560dc949a8b2fb789f3cdc05f5d/extensions/search-result/dist/extension.js
[2020-06-29 23:51:18.197] [exthost] [info] ExtensionService#_doActivateExtension vscode.github {"startup":true,"extensionId":{"value":"vscode.github","_lower":"vscode.github"},"activationEvent":"*"}
[2020-06-29 23:51:18.197] [exthost] [info] ExtensionService#loadCommonJSModule file:///home/tel/.vscode-server/bin/cd9ea6488829f560dc949a8b2fb789f3cdc05f5d/extensions/github/dist/extension.js
[2020-06-29 23:51:18.347] [exthost] [info] eager extensions activated
[2020-06-29 23:51:51.773] [exthost] [info] Extension 'octref.vetur' uses a document selector without scheme. Learn more about this: https://go.microsoft.com/fwlink/?linkid=872305
