[2020-06-11 20:00:26.361] [exthost] [info] extension host started
[2020-06-11 20:00:26.386] [exthost] [info] ExtensionService#_doActivateExtension vscode.debug-auto-launch {"startup":true,"extensionId":{"value":"vscode.debug-auto-launch","_lower":"vscode.debug-auto-launch"},"activationEvent":"*"}
[2020-06-11 20:00:26.389] [exthost] [info] ExtensionService#loadCommonJSModule file:///home/tel/.vscode-server/bin/5763d909d5f12fe19f215cbfdd29a91c0fa9208a/extensions/debug-auto-launch/dist/extension
[2020-06-11 20:00:26.404] [exthost] [info] ExtensionService#_doActivateExtension vscode.emmet {"startup":true,"extensionId":{"value":"vscode.emmet","_lower":"vscode.emmet"},"activationEvent":"*"}
[2020-06-11 20:00:26.404] [exthost] [info] ExtensionService#loadCommonJSModule file:///home/tel/.vscode-server/bin/5763d909d5f12fe19f215cbfdd29a91c0fa9208a/extensions/emmet/dist/extension
[2020-06-11 20:00:26.459] [exthost] [info] ExtensionService#_doActivateExtension vscode.git {"startup":true,"extensionId":{"value":"vscode.git","_lower":"vscode.git"},"activationEvent":"*"}
[2020-06-11 20:00:26.459] [exthost] [info] ExtensionService#loadCommonJSModule file:///home/tel/.vscode-server/bin/5763d909d5f12fe19f215cbfdd29a91c0fa9208a/extensions/git/dist/main
[2020-06-11 20:00:26.612] [exthost] [info] ExtensionService#_doActivateExtension vscode.github-authentication {"startup":true,"extensionId":{"value":"vscode.github-authentication","_lower":"vscode.github-authentication"},"activationEvent":"*"}
[2020-06-11 20:00:26.612] [exthost] [info] ExtensionService#loadCommonJSModule file:///home/tel/.vscode-server/bin/5763d909d5f12fe19f215cbfdd29a91c0fa9208a/extensions/github-authentication/dist/extension.js
[2020-06-11 20:00:26.657] [exthost] [info] ExtensionService#_doActivateExtension vscode.merge-conflict {"startup":true,"extensionId":{"value":"vscode.merge-conflict","_lower":"vscode.merge-conflict"},"activationEvent":"*"}
[2020-06-11 20:00:26.657] [exthost] [info] ExtensionService#loadCommonJSModule file:///home/tel/.vscode-server/bin/5763d909d5f12fe19f215cbfdd29a91c0fa9208a/extensions/merge-conflict/dist/extension
[2020-06-11 20:00:26.670] [exthost] [info] ExtensionService#_doActivateExtension vscode.search-result {"startup":true,"extensionId":{"value":"vscode.search-result","_lower":"vscode.search-result"},"activationEvent":"*"}
[2020-06-11 20:00:26.671] [exthost] [info] ExtensionService#loadCommonJSModule file:///home/tel/.vscode-server/bin/5763d909d5f12fe19f215cbfdd29a91c0fa9208a/extensions/search-result/dist/extension.js
[2020-06-11 20:00:26.675] [exthost] [info] ExtensionService#_doActivateExtension vscode.vscode-account {"startup":true,"extensionId":{"value":"vscode.vscode-account","_lower":"vscode.vscode-account"},"activationEvent":"*"}
[2020-06-11 20:00:26.675] [exthost] [info] ExtensionService#loadCommonJSModule file:///home/tel/.vscode-server/bin/5763d909d5f12fe19f215cbfdd29a91c0fa9208a/extensions/vscode-account/dist/extension.js
[2020-06-11 20:00:26.712] [exthost] [info] eager extensions activated
[2020-06-11 21:28:25.143] [exthost] [info] ExtensionService#_doActivateExtension vscode.configuration-editing {"startup":false,"extensionId":{"value":"vscode.configuration-editing","_lower":"vscode.configuration-editing"},"activationEvent":"onLanguage:json"}
[2020-06-11 21:28:25.145] [exthost] [info] ExtensionService#loadCommonJSModule file:///home/tel/.vscode-server/bin/5763d909d5f12fe19f215cbfdd29a91c0fa9208a/extensions/configuration-editing/dist/extension
[2020-06-11 21:28:25.200] [exthost] [info] ExtensionService#_doActivateExtension vscode.extension-editing {"startup":false,"extensionId":{"value":"vscode.extension-editing","_lower":"vscode.extension-editing"},"activationEvent":"onLanguage:json"}
[2020-06-11 21:28:25.200] [exthost] [info] ExtensionService#loadCommonJSModule file:///home/tel/.vscode-server/bin/5763d909d5f12fe19f215cbfdd29a91c0fa9208a/extensions/extension-editing/dist/extension
[2020-06-11 21:28:25.217] [exthost] [info] ExtensionService#_doActivateExtension vscode.json-language-features {"startup":false,"extensionId":{"value":"vscode.json-language-features","_lower":"vscode.json-language-features"},"activationEvent":"onLanguage:json"}
[2020-06-11 21:28:25.217] [exthost] [info] ExtensionService#loadCommonJSModule file:///home/tel/.vscode-server/bin/5763d909d5f12fe19f215cbfdd29a91c0fa9208a/extensions/json-language-features/client/dist/jsonMain
[2020-06-11 21:28:25.265] [exthost] [info] ExtensionService#_doActivateExtension vscode.npm {"startup":false,"extensionId":{"value":"vscode.npm","_lower":"vscode.npm"},"activationEvent":"onLanguage:json"}
[2020-06-11 21:28:25.265] [exthost] [info] ExtensionService#loadCommonJSModule file:///home/tel/.vscode-server/bin/5763d909d5f12fe19f215cbfdd29a91c0fa9208a/extensions/npm/dist/main
