[2020-06-11 22:09:45.530] [exthost] [info] extension host started
[2020-06-11 22:09:45.770] [exthost] [info] ExtensionService#_doActivateExtension vscode.configuration-editing {"startup":false,"extensionId":{"value":"vscode.configuration-editing","_lower":"vscode.configuration-editing"},"activationEvent":"onLanguage:json"}
[2020-06-11 22:09:45.771] [exthost] [info] ExtensionService#loadCommonJSModule file:///home/tel/.vscode-server/bin/a5d1cc28bb5da32ec67e86cc50f84c67cc690321/extensions/configuration-editing/dist/extension
[2020-06-11 22:09:45.881] [exthost] [info] ExtensionService#_doActivateExtension vscode.extension-editing {"startup":false,"extensionId":{"value":"vscode.extension-editing","_lower":"vscode.extension-editing"},"activationEvent":"onLanguage:json"}
[2020-06-11 22:09:45.881] [exthost] [info] ExtensionService#loadCommonJSModule file:///home/tel/.vscode-server/bin/a5d1cc28bb5da32ec67e86cc50f84c67cc690321/extensions/extension-editing/dist/extension
[2020-06-11 22:09:45.937] [exthost] [info] ExtensionService#_doActivateExtension vscode.json-language-features {"startup":false,"extensionId":{"value":"vscode.json-language-features","_lower":"vscode.json-language-features"},"activationEvent":"onLanguage:json"}
[2020-06-11 22:09:45.938] [exthost] [info] ExtensionService#loadCommonJSModule file:///home/tel/.vscode-server/bin/a5d1cc28bb5da32ec67e86cc50f84c67cc690321/extensions/json-language-features/client/dist/jsonMain
[2020-06-11 22:09:46.065] [exthost] [info] ExtensionService#_doActivateExtension ms-vscode.js-debug {"startup":false,"extensionId":{"value":"ms-vscode.js-debug","_lower":"ms-vscode.js-debug"},"activationEvent":"onLanguage:json"}
[2020-06-11 22:09:46.065] [exthost] [info] ExtensionService#loadCommonJSModule file:///home/tel/.vscode-server/bin/a5d1cc28bb5da32ec67e86cc50f84c67cc690321/extensions/ms-vscode.js-debug/src/extension.js
[2020-06-11 22:09:47.505] [exthost] [info] ExtensionService#_doActivateExtension vscode.npm {"startup":false,"extensionId":{"value":"vscode.npm","_lower":"vscode.npm"},"activationEvent":"onLanguage:json"}
[2020-06-11 22:09:47.505] [exthost] [info] ExtensionService#loadCommonJSModule file:///home/tel/.vscode-server/bin/a5d1cc28bb5da32ec67e86cc50f84c67cc690321/extensions/npm/dist/main
[2020-06-11 22:09:47.609] [exthost] [info] ExtensionService#_doActivateExtension vscode.typescript-language-features {"startup":false,"extensionId":{"value":"vscode.typescript-language-features","_lower":"vscode.typescript-language-features"},"activationEvent":"onLanguage:typescript"}
[2020-06-11 22:09:47.610] [exthost] [info] ExtensionService#loadCommonJSModule file:///home/tel/.vscode-server/bin/a5d1cc28bb5da32ec67e86cc50f84c67cc690321/extensions/typescript-language-features/dist/extension
[2020-06-11 22:09:47.683] [exthost] [info] ExtensionService#_doActivateExtension vscode.css-language-features {"startup":false,"extensionId":{"value":"vscode.css-language-features","_lower":"vscode.css-language-features"},"activationEvent":"onLanguage:css"}
[2020-06-11 22:09:47.683] [exthost] [info] ExtensionService#loadCommonJSModule file:///home/tel/.vscode-server/bin/a5d1cc28bb5da32ec67e86cc50f84c67cc690321/extensions/css-language-features/client/dist/node/cssClientMain
[2020-06-11 22:09:47.752] [exthost] [info] ExtensionService#_doActivateExtension vscode.emmet {"startup":false,"extensionId":{"value":"vscode.emmet","_lower":"vscode.emmet"},"activationEvent":"onLanguage:css"}
[2020-06-11 22:09:47.752] [exthost] [info] ExtensionService#loadCommonJSModule file:///home/tel/.vscode-server/bin/a5d1cc28bb5da32ec67e86cc50f84c67cc690321/extensions/emmet/dist/extension
[2020-06-11 22:09:47.799] [exthost] [info] ExtensionService#_doActivateExtension vscode.debug-auto-launch {"startup":true,"extensionId":{"value":"vscode.debug-auto-launch","_lower":"vscode.debug-auto-launch"},"activationEvent":"*"}
[2020-06-11 22:09:47.799] [exthost] [info] ExtensionService#loadCommonJSModule file:///home/tel/.vscode-server/bin/a5d1cc28bb5da32ec67e86cc50f84c67cc690321/extensions/debug-auto-launch/dist/extension
[2020-06-11 22:09:47.804] [exthost] [info] ExtensionService#_doActivateExtension vscode.git {"startup":true,"extensionId":{"value":"vscode.github","_lower":"vscode.github"},"activationEvent":"*"}
[2020-06-11 22:09:47.804] [exthost] [info] ExtensionService#loadCommonJSModule file:///home/tel/.vscode-server/bin/a5d1cc28bb5da32ec67e86cc50f84c67cc690321/extensions/git/dist/main
[2020-06-11 22:09:47.881] [exthost] [info] ExtensionService#_doActivateExtension vscode.github-authentication {"startup":true,"extensionId":{"value":"vscode.github-authentication","_lower":"vscode.github-authentication"},"activationEvent":"*"}
[2020-06-11 22:09:47.881] [exthost] [info] ExtensionService#loadCommonJSModule file:///home/tel/.vscode-server/bin/a5d1cc28bb5da32ec67e86cc50f84c67cc690321/extensions/github-authentication/dist/extension.js
[2020-06-11 22:09:47.931] [exthost] [info] ExtensionService#_doActivateExtension vscode.merge-conflict {"startup":true,"extensionId":{"value":"vscode.merge-conflict","_lower":"vscode.merge-conflict"},"activationEvent":"*"}
[2020-06-11 22:09:47.931] [exthost] [info] ExtensionService#loadCommonJSModule file:///home/tel/.vscode-server/bin/a5d1cc28bb5da32ec67e86cc50f84c67cc690321/extensions/merge-conflict/dist/extension
[2020-06-11 22:09:47.942] [exthost] [info] ExtensionService#_doActivateExtension vscode.microsoft-authentication {"startup":true,"extensionId":{"value":"vscode.microsoft-authentication","_lower":"vscode.microsoft-authentication"},"activationEvent":"*"}
[2020-06-11 22:09:47.942] [exthost] [info] ExtensionService#loadCommonJSModule file:///home/tel/.vscode-server/bin/a5d1cc28bb5da32ec67e86cc50f84c67cc690321/extensions/microsoft-authentication/dist/extension.js
[2020-06-11 22:09:47.971] [exthost] [info] ExtensionService#_doActivateExtension vscode.search-result {"startup":true,"extensionId":{"value":"vscode.search-result","_lower":"vscode.search-result"},"activationEvent":"*"}
[2020-06-11 22:09:47.971] [exthost] [info] ExtensionService#loadCommonJSModule file:///home/tel/.vscode-server/bin/a5d1cc28bb5da32ec67e86cc50f84c67cc690321/extensions/search-result/dist/extension.js
[2020-06-11 22:09:48.517] [exthost] [info] ExtensionService#_doActivateExtension vscode.github {"startup":true,"extensionId":{"value":"vscode.github","_lower":"vscode.github"},"activationEvent":"*"}
[2020-06-11 22:09:48.517] [exthost] [info] ExtensionService#loadCommonJSModule file:///home/tel/.vscode-server/bin/a5d1cc28bb5da32ec67e86cc50f84c67cc690321/extensions/github/dist/extension.js
[2020-06-11 22:09:48.729] [exthost] [info] eager extensions activated
