次の場所で Git を検索しています: git
git から Git 2.17.1 を使用しています
> git rev-parse --show-toplevel
fatal: not a git repository (or any of the parent directories): .git
> git rev-parse --show-toplevel
> git rev-parse --git-dir
Open repository: /home/tel
> git status -z -u
> git check-ignore -v -z --stdin
> git show :.profile
> git ls-files --stage -- /home/tel/.profile
> git cat-file -s 164e922f43b4701ceb166e21ea2da3a84e12b537
> git show :.bash_profile
> git ls-files --stage -- /home/tel/.bash_profile
> git cat-file -s 8b137891791fe96927ad78e64b0aad7bded08bdc
> git check-ignore -v -z --stdin
> git symbolic-ref --short HEAD
> git rev-parse master
> git rev-parse --symbolic-full-name master@{u}
fatal: no upstream configured for branch 'master'
> git for-each-ref --format %(refname) %(objectname) --sort -committerdate
> git remote --verbose
> git config --get commit.template
> git rev-parse --show-toplevel
fatal: not a git repository (or any of the parent directories): .git
> git rev-parse --show-toplevel
fatal: not a git repository (or any of the parent directories): .git
> git show :.bashrc
> git ls-files --stage -- /home/tel/.bashrc
> git cat-file -s 8b0e3765e83abbc9370c092419340cf3465e8e89
> git show :.bash_profile
> git ls-files --stage -- /home/tel/.bash_profile
> git cat-file -s 8b137891791fe96927ad78e64b0aad7bded08bdc
> git show :.profile
> git ls-files --stage -- /home/tel/.profile
> git cat-file -s 164e922f43b4701ceb166e21ea2da3a84e12b537
> git rev-parse --show-toplevel
fatal: not a git repository (or any of the parent directories): .git
> git show :.profile
> git ls-files --stage -- /home/tel/.profile
> git cat-file -s 164e922f43b4701ceb166e21ea2da3a84e12b537
> git show :.bashrc
> git ls-files --stage -- /home/tel/.bashrc
> git cat-file -s 8b0e3765e83abbc9370c092419340cf3465e8e89
> git show :.bash_profile
> git ls-files --stage -- /home/tel/.bash_profile
> git cat-file -s 8b137891791fe96927ad78e64b0aad7bded08bdc
> git rev-parse --show-toplevel
fatal: not a git repository (or any of the parent directories): .git
> git rev-parse --show-toplevel
fatal: not a git repository (or any of the parent directories): .git
> git rev-parse --show-toplevel
fatal: not a git repository (or any of the parent directories): .git
> git show :.bashrc
> git ls-files --stage -- /home/tel/.bashrc
> git cat-file -s 8b0e3765e83abbc9370c092419340cf3465e8e89
> git show :.bash_profile
> git ls-files --stage -- /home/tel/.bash_profile
> git cat-file -s 8b137891791fe96927ad78e64b0aad7bded08bdc
> git rev-parse --show-toplevel
fatal: not a git repository (or any of the parent directories): .git
> git check-ignore -v -z --stdin
> git check-ignore -v -z --stdin
> git check-ignore -v -z --stdin
> git commit --quiet --allow-empty-message --file -
Auto packing the repository in background for optimum performance.
See "git help gc" for manual housekeeping.
> git status -z -u
> git ls-files --stage -- /home/tel/.bash_profile
> git cat-file -s 8b137891791fe96927ad78e64b0aad7bded08bdc
> git show :.bash_profile
> git symbolic-ref --short HEAD
> git rev-parse master
> git rev-parse --symbolic-full-name master@{u}
fatal: no upstream configured for branch 'master'
> git for-each-ref --format %(refname) %(objectname) --sort -committerdate
> git remote --verbose
> git config --get commit.template
> git config --get commit.template
> git check-ignore -v -z --stdin
> git status -z -u
> git symbolic-ref --short HEAD
> git rev-parse master
> git rev-parse --symbolic-full-name master@{u}
fatal: no upstream configured for branch 'master'
> git for-each-ref --format %(refname) %(objectname) --sort -committerdate
> git remote --verbose
> git config --get commit.template
> git status -z -u
> git symbolic-ref --short HEAD
> git rev-parse master
> git rev-parse --symbolic-full-name master@{u}
fatal: no upstream configured for branch 'master'
> git for-each-ref --format %(refname) %(objectname) --sort -committerdate
> git remote --verbose
> git config --get commit.template
> git status -z -u
> git symbolic-ref --short HEAD
> git rev-parse master
> git rev-parse --symbolic-full-name master@{u}
fatal: no upstream configured for branch 'master'
> git for-each-ref --format %(refname) %(objectname) --sort -committerdate
> git remote --verbose
> git config --get commit.template
> git status -z -u
> git symbolic-ref --short HEAD
> git rev-parse master
> git rev-parse --symbolic-full-name master@{u}
fatal: no upstream configured for branch 'master'
> git for-each-ref --format %(refname) %(objectname) --sort -committerdate
> git remote --verbose
> git config --get commit.template
> git check-ignore -v -z --stdin
> git status -z -u
> git check-ignore -v -z --stdin
> git check-ignore -v -z --stdin
> git check-ignore -v -z --stdin
> git check-ignore -v -z --stdin
> git check-ignore -v -z --stdin
> git check-ignore -v -z --stdin
> git check-ignore -v -z --stdin
> git check-ignore -v -z --stdin
> git check-ignore -v -z --stdin
> git check-ignore -v -z --stdin
> git symbolic-ref --short HEAD
> git rev-parse master
> git rev-parse --symbolic-full-name master@{u}
fatal: no upstream configured for branch 'master'
> git for-each-ref --format %(refname) %(objectname) --sort -committerdate
> git remote --verbose
> git config --get commit.template
> git status -z -u
> git log --format=%H%n%aN%n%aE%n%at%n%ct%n%P%n%B -z -n21 -- /home/tel/.bash_profile
> git show :.bashrc
> git ls-files --stage -- /home/tel/.bashrc
> git cat-file -s 8b0e3765e83abbc9370c092419340cf3465e8e89
> git show :.bash_profile
> git ls-files --stage -- /home/tel/.bash_profile
> git cat-file -s 8b137891791fe96927ad78e64b0aad7bded08bdc
> git symbolic-ref --short HEAD
> git rev-parse master
> git rev-parse --symbolic-full-name master@{u}
fatal: no upstream configured for branch 'master'
> git for-each-ref --format %(refname) %(objectname) --sort -committerdate
> git remote --verbose
> git config --get commit.template
> git rev-parse --show-toplevel
fatal: not a git repository (or any of the parent directories): .git
> git status -z -u
> git show :.bash_profile
> git ls-files --stage -- /home/tel/.bash_profile
> git cat-file -s 8b137891791fe96927ad78e64b0aad7bded08bdc
> git symbolic-ref --short HEAD
> git rev-parse master
> git rev-parse --symbolic-full-name master@{u}
fatal: no upstream configured for branch 'master'
> git for-each-ref --format %(refname) %(objectname) --sort -committerdate
> git remote --verbose
> git config --get commit.template
> git status -z -u
> git show :.profile
> git ls-files --stage -- /home/tel/.profile
> git cat-file -s 164e922f43b4701ceb166e21ea2da3a84e12b537
> git symbolic-ref --short HEAD
> git rev-parse master
> git rev-parse --symbolic-full-name master@{u}
fatal: no upstream configured for branch 'master'
> git for-each-ref --format %(refname) %(objectname) --sort -committerdate
> git remote --verbose
> git config --get commit.template
> git status -z -u
> git rev-parse --show-toplevel
fatal: not a git repository (or any of the parent directories): .git
> git show :.bash_profile
> git ls-files --stage -- /home/tel/.bash_profile
> git cat-file -s 8b137891791fe96927ad78e64b0aad7bded08bdc
> git show :.bashrc
> git ls-files --stage -- /home/tel/.bashrc
> git cat-file -s 8b0e3765e83abbc9370c092419340cf3465e8e89
> git symbolic-ref --short HEAD
> git rev-parse master
> git rev-parse --symbolic-full-name master@{u}
fatal: no upstream configured for branch 'master'
> git for-each-ref --format %(refname) %(objectname) --sort -committerdate
> git remote --verbose
> git config --get commit.template
> git status -z -u
> git ls-files --stage -- /home/tel/.bashrc
> git cat-file -s 8b0e3765e83abbc9370c092419340cf3465e8e89
> git show :.bashrc
> git symbolic-ref --short HEAD
> git rev-parse master
> git rev-parse --symbolic-full-name master@{u}
fatal: no upstream configured for branch 'master'
> git for-each-ref --format %(refname) %(objectname) --sort -committerdate
> git remote --verbose
> git config --get commit.template
> git show :.bash_profile
> git ls-files --stage -- /home/tel/.bash_profile
> git cat-file -s 8b137891791fe96927ad78e64b0aad7bded08bdc
> git status -z -u
> git symbolic-ref --short HEAD
> git rev-parse master
> git rev-parse --symbolic-full-name master@{u}
fatal: no upstream configured for branch 'master'
> git for-each-ref --format %(refname) %(objectname) --sort -committerdate
> git remote --verbose
> git config --get commit.template
> git status -z -u
> git symbolic-ref --short HEAD
> git rev-parse master
> git rev-parse --symbolic-full-name master@{u}
fatal: no upstream configured for branch 'master'
> git for-each-ref --format %(refname) %(objectname) --sort -committerdate
> git remote --verbose
> git config --get commit.template
> git status -z -u
> git symbolic-ref --short HEAD
> git rev-parse master
> git rev-parse --symbolic-full-name master@{u}
fatal: no upstream configured for branch 'master'
> git for-each-ref --format %(refname) %(objectname) --sort -committerdate
> git remote --verbose
> git config --get commit.template
> git status -z -u
> git symbolic-ref --short HEAD
> git rev-parse master
> git rev-parse --symbolic-full-name master@{u}
fatal: no upstream configured for branch 'master'
> git for-each-ref --format %(refname) %(objectname) --sort -committerdate
> git remote --verbose
> git config --get commit.template
> git status -z -u
> git symbolic-ref --short HEAD
> git rev-parse master
> git rev-parse --symbolic-full-name master@{u}
fatal: no upstream configured for branch 'master'
> git for-each-ref --format %(refname) %(objectname) --sort -committerdate
> git remote --verbose
> git config --get commit.template
> git status -z -u
> git show :.bash_profile
> git ls-files --stage -- /home/tel/.bash_profile
> git cat-file -s 8b137891791fe96927ad78e64b0aad7bded08bdc
> git symbolic-ref --short HEAD
> git rev-parse master
> git rev-parse --symbolic-full-name master@{u}
fatal: no upstream configured for branch 'master'
> git for-each-ref --format %(refname) %(objectname) --sort -committerdate
> git remote --verbose
> git config --get commit.template
