[2020-06-13 12:30:42.127] [exthost] [info] extension host started
[2020-06-13 12:30:42.325] [exthost] [info] ExtensionService#_doActivateExtension vscode.debug-auto-launch {"startup":true,"extensionId":{"value":"vscode.debug-auto-launch","_lower":"vscode.debug-auto-launch"},"activationEvent":"*"}
[2020-06-13 12:30:42.326] [exthost] [info] ExtensionService#loadCommonJSModule file:///home/tel/.vscode-server/bin/a5d1cc28bb5da32ec67e86cc50f84c67cc690321/extensions/debug-auto-launch/dist/extension
[2020-06-13 12:30:42.394] [exthost] [info] ExtensionService#_doActivateExtension vscode.emmet {"startup":true,"extensionId":{"value":"vscode.emmet","_lower":"vscode.emmet"},"activationEvent":"*"}
[2020-06-13 12:30:42.395] [exthost] [info] ExtensionService#loadCommonJSModule file:///home/tel/.vscode-server/bin/a5d1cc28bb5da32ec67e86cc50f84c67cc690321/extensions/emmet/dist/extension
[2020-06-13 12:30:42.489] [exthost] [info] ExtensionService#_doActivateExtension vscode.git {"startup":true,"extensionId":{"value":"vscode.github","_lower":"vscode.github"},"activationEvent":"*"}
[2020-06-13 12:30:42.489] [exthost] [info] ExtensionService#loadCommonJSModule file:///home/tel/.vscode-server/bin/a5d1cc28bb5da32ec67e86cc50f84c67cc690321/extensions/git/dist/main
[2020-06-13 12:30:42.672] [exthost] [info] ExtensionService#_doActivateExtension vscode.github-authentication {"startup":true,"extensionId":{"value":"vscode.github-authentication","_lower":"vscode.github-authentication"},"activationEvent":"*"}
[2020-06-13 12:30:42.673] [exthost] [info] ExtensionService#loadCommonJSModule file:///home/tel/.vscode-server/bin/a5d1cc28bb5da32ec67e86cc50f84c67cc690321/extensions/github-authentication/dist/extension.js
[2020-06-13 12:30:42.763] [exthost] [info] ExtensionService#_doActivateExtension vscode.merge-conflict {"startup":true,"extensionId":{"value":"vscode.merge-conflict","_lower":"vscode.merge-conflict"},"activationEvent":"*"}
[2020-06-13 12:30:42.763] [exthost] [info] ExtensionService#loadCommonJSModule file:///home/tel/.vscode-server/bin/a5d1cc28bb5da32ec67e86cc50f84c67cc690321/extensions/merge-conflict/dist/extension
[2020-06-13 12:30:42.782] [exthost] [info] ExtensionService#_doActivateExtension vscode.microsoft-authentication {"startup":true,"extensionId":{"value":"vscode.microsoft-authentication","_lower":"vscode.microsoft-authentication"},"activationEvent":"*"}
[2020-06-13 12:30:42.782] [exthost] [info] ExtensionService#loadCommonJSModule file:///home/tel/.vscode-server/bin/a5d1cc28bb5da32ec67e86cc50f84c67cc690321/extensions/microsoft-authentication/dist/extension.js
[2020-06-13 12:30:42.822] [exthost] [info] ExtensionService#_doActivateExtension vscode.search-result {"startup":true,"extensionId":{"value":"vscode.search-result","_lower":"vscode.search-result"},"activationEvent":"*"}
[2020-06-13 12:30:42.822] [exthost] [info] ExtensionService#loadCommonJSModule file:///home/tel/.vscode-server/bin/a5d1cc28bb5da32ec67e86cc50f84c67cc690321/extensions/search-result/dist/extension.js
[2020-06-13 12:30:44.680] [exthost] [info] ExtensionService#_doActivateExtension vscode.github {"startup":true,"extensionId":{"value":"vscode.github","_lower":"vscode.github"},"activationEvent":"*"}
[2020-06-13 12:30:44.680] [exthost] [info] ExtensionService#loadCommonJSModule file:///home/tel/.vscode-server/bin/a5d1cc28bb5da32ec67e86cc50f84c67cc690321/extensions/github/dist/extension.js
[2020-06-13 12:30:45.534] [exthost] [info] eager extensions activated
[2020-06-13 14:30:28.213] [exthost] [info] ExtensionService#_doActivateExtension octref.vetur {"startup":false,"extensionId":{"value":"octref.vetur","_lower":"octref.vetur"},"activationEvent":"onLanguage:vue"}
[2020-06-13 14:30:28.215] [exthost] [info] ExtensionService#loadCommonJSModule file:///home/tel/.vscode-server/extensions/octref.vetur-0.24.0/dist/client/vueMain
[2020-06-13 14:30:31.003] [exthost] [info] Extension 'octref.vetur' uses a document selector without scheme. Learn more about this: https://go.microsoft.com/fwlink/?linkid=872305
