Looking for git in: git
Using git 2.17.1 from git
> git rev-parse --show-toplevel
> git rev-parse --git-dir
Open repository: /home/tel
> git status -z -u
> git symbolic-ref --short HEAD
> git rev-parse master
> git rev-parse --symbolic-full-name master@{u}
fatal: no upstream configured for branch 'master'
> git for-each-ref --format %(refname) %(objectname) --sort -committerdate
> git remote --verbose
> git config --get commit.template
> git check-ignore -v -z --stdin
> git check-ignore -v -z --stdin
> git show :hello-world/src/App.vue
> git ls-files --stage -- /home/tel/hello-world/src/App.vue
> git check-ignore -v -z --stdin
> git show :hello-world/src/App.vue
> git ls-files --stage -- /home/tel/hello-world/src/App.vue
> git show :hello-world/src/App.vue
> git ls-files --stage -- /home/tel/hello-world/src/App.vue
> git show :hello-world/src/App.vue
> git ls-files --stage -- /home/tel/hello-world/src/App.vue
> git check-ignore -v -z --stdin
> git show :hello-world/dist/js/chunk-vendors.f0b6743d.js
> git ls-files --stage -- /home/tel/hello-world/dist/js/chunk-vendors.f0b6743d.js
> git show :hello-world/src/App.vue
> git ls-files --stage -- /home/tel/hello-world/src/App.vue
> git show :hello-world/dist/css/app.fb0c6e1c.css
> git ls-files --stage -- /home/tel/hello-world/dist/css/app.fb0c6e1c.css
> git check-ignore -v -z --stdin
> git show :hello-world/src/App.vue
> git ls-files --stage -- /home/tel/hello-world/src/App.vue
