[2020-06-27 16:14:35.674] [exthost] [info] extension host started
[2020-06-27 16:14:35.697] [exthost] [info] ExtensionService#_doActivateExtension vscode.debug-auto-launch {"startup":true,"extensionId":{"value":"vscode.debug-auto-launch","_lower":"vscode.debug-auto-launch"},"activationEvent":"*"}
[2020-06-27 16:14:35.698] [exthost] [info] ExtensionService#loadCommonJSModule file:///home/tel/.vscode-server/bin/a5d1cc28bb5da32ec67e86cc50f84c67cc690321/extensions/debug-auto-launch/dist/extension
[2020-06-27 16:14:35.711] [exthost] [info] ExtensionService#_doActivateExtension vscode.emmet {"startup":true,"extensionId":{"value":"vscode.emmet","_lower":"vscode.emmet"},"activationEvent":"*"}
[2020-06-27 16:14:35.712] [exthost] [info] ExtensionService#loadCommonJSModule file:///home/tel/.vscode-server/bin/a5d1cc28bb5da32ec67e86cc50f84c67cc690321/extensions/emmet/dist/extension
[2020-06-27 16:14:35.765] [exthost] [info] ExtensionService#_doActivateExtension vscode.git {"startup":true,"extensionId":{"value":"vscode.github","_lower":"vscode.github"},"activationEvent":"*"}
[2020-06-27 16:14:35.765] [exthost] [info] ExtensionService#loadCommonJSModule file:///home/tel/.vscode-server/bin/a5d1cc28bb5da32ec67e86cc50f84c67cc690321/extensions/git/dist/main
[2020-06-27 16:14:36.314] [exthost] [info] ExtensionService#_doActivateExtension vscode.github-authentication {"startup":true,"extensionId":{"value":"vscode.github-authentication","_lower":"vscode.github-authentication"},"activationEvent":"*"}
[2020-06-27 16:14:36.314] [exthost] [info] ExtensionService#loadCommonJSModule file:///home/tel/.vscode-server/bin/a5d1cc28bb5da32ec67e86cc50f84c67cc690321/extensions/github-authentication/dist/extension.js
[2020-06-27 16:14:36.448] [exthost] [info] ExtensionService#_doActivateExtension vscode.merge-conflict {"startup":true,"extensionId":{"value":"vscode.merge-conflict","_lower":"vscode.merge-conflict"},"activationEvent":"*"}
[2020-06-27 16:14:36.449] [exthost] [info] ExtensionService#loadCommonJSModule file:///home/tel/.vscode-server/bin/a5d1cc28bb5da32ec67e86cc50f84c67cc690321/extensions/merge-conflict/dist/extension
[2020-06-27 16:14:36.460] [exthost] [info] ExtensionService#_doActivateExtension vscode.microsoft-authentication {"startup":true,"extensionId":{"value":"vscode.microsoft-authentication","_lower":"vscode.microsoft-authentication"},"activationEvent":"*"}
[2020-06-27 16:14:36.460] [exthost] [info] ExtensionService#loadCommonJSModule file:///home/tel/.vscode-server/bin/a5d1cc28bb5da32ec67e86cc50f84c67cc690321/extensions/microsoft-authentication/dist/extension.js
[2020-06-27 16:14:36.486] [exthost] [info] ExtensionService#_doActivateExtension vscode.search-result {"startup":true,"extensionId":{"value":"vscode.search-result","_lower":"vscode.search-result"},"activationEvent":"*"}
[2020-06-27 16:14:36.486] [exthost] [info] ExtensionService#loadCommonJSModule file:///home/tel/.vscode-server/bin/a5d1cc28bb5da32ec67e86cc50f84c67cc690321/extensions/search-result/dist/extension.js
[2020-06-27 16:14:37.363] [exthost] [info] ExtensionService#_doActivateExtension vscode.github {"startup":true,"extensionId":{"value":"vscode.github","_lower":"vscode.github"},"activationEvent":"*"}
[2020-06-27 16:14:37.364] [exthost] [info] ExtensionService#loadCommonJSModule file:///home/tel/.vscode-server/bin/a5d1cc28bb5da32ec67e86cc50f84c67cc690321/extensions/github/dist/extension.js
[2020-06-27 16:14:37.860] [exthost] [info] eager extensions activated
[2020-06-27 17:02:56.510] [exthost] [info] ExtensionService#_doActivateExtension octref.vetur {"startup":false,"extensionId":{"value":"octref.vetur","_lower":"octref.vetur"},"activationEvent":"onLanguage:vue"}
[2020-06-27 17:02:56.512] [exthost] [info] ExtensionService#loadCommonJSModule file:///home/tel/.vscode-server/extensions/octref.vetur-0.24.0/dist/client/vueMain
[2020-06-27 17:03:00.678] [exthost] [info] Extension 'octref.vetur' uses a document selector without scheme. Learn more about this: https://go.microsoft.com/fwlink/?linkid=872305
[2020-06-28 14:45:30.422] [exthost] [error] [octref.vetur] provider FAILED
[2020-06-28 14:45:30.442] [exthost] [error] Error: name must not be falsy
	at Function.validate (/home/tel/.vscode-server/bin/a5d1cc28bb5da32ec67e86cc50f84c67cc690321/out/vs/server/remoteExtensionHostProcess.js:468:420)
	at new e (/home/tel/.vscode-server/bin/a5d1cc28bb5da32ec67e86cc50f84c67cc690321/out/vs/server/remoteExtensionHostProcess.js:468:369)
	at new e (/home/tel/.vscode-server/bin/a5d1cc28bb5da32ec67e86cc50f84c67cc690321/out/vs/server/remoteExtensionHostProcess.js:455:44)
	at asSymbolInformation (/home/tel/.vscode-server/extensions/octref.vetur-0.24.0/node_modules/vscode-languageclient/lib/protocolConverter.js:449:22)
	at /home/tel/.vscode-server/extensions/octref.vetur-0.24.0/node_modules/vscode-languageclient/lib/protocolConverter.js:429:42
	at Array.map (<anonymous>)
	at Object.asSymbolInformations (/home/tel/.vscode-server/extensions/octref.vetur-0.24.0/node_modules/vscode-languageclient/lib/protocolConverter.js:429:23)
	at /home/tel/.vscode-server/extensions/octref.vetur-0.24.0/node_modules/vscode-languageclient/lib/client.js:1088:70
[2020-06-28 14:45:45.438] [exthost] [error] [octref.vetur] provider FAILED
[2020-06-28 14:45:45.440] [exthost] [error] Error: name must not be falsy
	at Function.validate (/home/tel/.vscode-server/bin/a5d1cc28bb5da32ec67e86cc50f84c67cc690321/out/vs/server/remoteExtensionHostProcess.js:468:420)
	at new e (/home/tel/.vscode-server/bin/a5d1cc28bb5da32ec67e86cc50f84c67cc690321/out/vs/server/remoteExtensionHostProcess.js:468:369)
	at new e (/home/tel/.vscode-server/bin/a5d1cc28bb5da32ec67e86cc50f84c67cc690321/out/vs/server/remoteExtensionHostProcess.js:455:44)
	at asSymbolInformation (/home/tel/.vscode-server/extensions/octref.vetur-0.24.0/node_modules/vscode-languageclient/lib/protocolConverter.js:449:22)
	at /home/tel/.vscode-server/extensions/octref.vetur-0.24.0/node_modules/vscode-languageclient/lib/protocolConverter.js:429:42
	at Array.map (<anonymous>)
	at Object.asSymbolInformations (/home/tel/.vscode-server/extensions/octref.vetur-0.24.0/node_modules/vscode-languageclient/lib/protocolConverter.js:429:23)
	at /home/tel/.vscode-server/extensions/octref.vetur-0.24.0/node_modules/vscode-languageclient/lib/client.js:1088:70
[2020-06-28 14:50:52.408] [exthost] [error] [octref.vetur] provider FAILED
[2020-06-28 14:50:52.409] [exthost] [error] Error: name must not be falsy
	at Function.validate (/home/tel/.vscode-server/bin/a5d1cc28bb5da32ec67e86cc50f84c67cc690321/out/vs/server/remoteExtensionHostProcess.js:468:420)
	at new e (/home/tel/.vscode-server/bin/a5d1cc28bb5da32ec67e86cc50f84c67cc690321/out/vs/server/remoteExtensionHostProcess.js:468:369)
	at new e (/home/tel/.vscode-server/bin/a5d1cc28bb5da32ec67e86cc50f84c67cc690321/out/vs/server/remoteExtensionHostProcess.js:455:44)
	at asSymbolInformation (/home/tel/.vscode-server/extensions/octref.vetur-0.24.0/node_modules/vscode-languageclient/lib/protocolConverter.js:449:22)
	at /home/tel/.vscode-server/extensions/octref.vetur-0.24.0/node_modules/vscode-languageclient/lib/protocolConverter.js:429:42
	at Array.map (<anonymous>)
	at Object.asSymbolInformations (/home/tel/.vscode-server/extensions/octref.vetur-0.24.0/node_modules/vscode-languageclient/lib/protocolConverter.js:429:23)
	at /home/tel/.vscode-server/extensions/octref.vetur-0.24.0/node_modules/vscode-languageclient/lib/client.js:1088:70
[2020-06-28 14:51:01.153] [exthost] [error] [octref.vetur] provider FAILED
[2020-06-28 14:51:01.153] [exthost] [error] Error: name must not be falsy
	at Function.validate (/home/tel/.vscode-server/bin/a5d1cc28bb5da32ec67e86cc50f84c67cc690321/out/vs/server/remoteExtensionHostProcess.js:468:420)
	at new e (/home/tel/.vscode-server/bin/a5d1cc28bb5da32ec67e86cc50f84c67cc690321/out/vs/server/remoteExtensionHostProcess.js:468:369)
	at new e (/home/tel/.vscode-server/bin/a5d1cc28bb5da32ec67e86cc50f84c67cc690321/out/vs/server/remoteExtensionHostProcess.js:455:44)
	at asSymbolInformation (/home/tel/.vscode-server/extensions/octref.vetur-0.24.0/node_modules/vscode-languageclient/lib/protocolConverter.js:449:22)
	at /home/tel/.vscode-server/extensions/octref.vetur-0.24.0/node_modules/vscode-languageclient/lib/protocolConverter.js:429:42
	at Array.map (<anonymous>)
	at Object.asSymbolInformations (/home/tel/.vscode-server/extensions/octref.vetur-0.24.0/node_modules/vscode-languageclient/lib/protocolConverter.js:429:23)
	at /home/tel/.vscode-server/extensions/octref.vetur-0.24.0/node_modules/vscode-languageclient/lib/client.js:1088:70
[2020-06-28 14:54:41.448] [exthost] [error] [octref.vetur] provider FAILED
[2020-06-28 14:54:41.449] [exthost] [error] Error: name must not be falsy
	at Function.validate (/home/tel/.vscode-server/bin/a5d1cc28bb5da32ec67e86cc50f84c67cc690321/out/vs/server/remoteExtensionHostProcess.js:468:420)
	at new e (/home/tel/.vscode-server/bin/a5d1cc28bb5da32ec67e86cc50f84c67cc690321/out/vs/server/remoteExtensionHostProcess.js:468:369)
	at new e (/home/tel/.vscode-server/bin/a5d1cc28bb5da32ec67e86cc50f84c67cc690321/out/vs/server/remoteExtensionHostProcess.js:455:44)
	at asSymbolInformation (/home/tel/.vscode-server/extensions/octref.vetur-0.24.0/node_modules/vscode-languageclient/lib/protocolConverter.js:449:22)
	at /home/tel/.vscode-server/extensions/octref.vetur-0.24.0/node_modules/vscode-languageclient/lib/protocolConverter.js:429:42
	at Array.map (<anonymous>)
	at Object.asSymbolInformations (/home/tel/.vscode-server/extensions/octref.vetur-0.24.0/node_modules/vscode-languageclient/lib/protocolConverter.js:429:23)
	at /home/tel/.vscode-server/extensions/octref.vetur-0.24.0/node_modules/vscode-languageclient/lib/client.js:1088:70
[2020-06-28 14:55:02.821] [exthost] [error] [octref.vetur] provider FAILED
[2020-06-28 14:55:02.821] [exthost] [error] Error: name must not be falsy
	at Function.validate (/home/tel/.vscode-server/bin/a5d1cc28bb5da32ec67e86cc50f84c67cc690321/out/vs/server/remoteExtensionHostProcess.js:468:420)
	at new e (/home/tel/.vscode-server/bin/a5d1cc28bb5da32ec67e86cc50f84c67cc690321/out/vs/server/remoteExtensionHostProcess.js:468:369)
	at new e (/home/tel/.vscode-server/bin/a5d1cc28bb5da32ec67e86cc50f84c67cc690321/out/vs/server/remoteExtensionHostProcess.js:455:44)
	at asSymbolInformation (/home/tel/.vscode-server/extensions/octref.vetur-0.24.0/node_modules/vscode-languageclient/lib/protocolConverter.js:449:22)
	at /home/tel/.vscode-server/extensions/octref.vetur-0.24.0/node_modules/vscode-languageclient/lib/protocolConverter.js:429:42
	at Array.map (<anonymous>)
	at Object.asSymbolInformations (/home/tel/.vscode-server/extensions/octref.vetur-0.24.0/node_modules/vscode-languageclient/lib/protocolConverter.js:429:23)
	at /home/tel/.vscode-server/extensions/octref.vetur-0.24.0/node_modules/vscode-languageclient/lib/client.js:1088:70
[2020-06-28 14:55:04.020] [exthost] [error] [octref.vetur] provider FAILED
[2020-06-28 14:55:04.020] [exthost] [error] Error: name must not be falsy
	at Function.validate (/home/tel/.vscode-server/bin/a5d1cc28bb5da32ec67e86cc50f84c67cc690321/out/vs/server/remoteExtensionHostProcess.js:468:420)
	at new e (/home/tel/.vscode-server/bin/a5d1cc28bb5da32ec67e86cc50f84c67cc690321/out/vs/server/remoteExtensionHostProcess.js:468:369)
	at new e (/home/tel/.vscode-server/bin/a5d1cc28bb5da32ec67e86cc50f84c67cc690321/out/vs/server/remoteExtensionHostProcess.js:455:44)
	at asSymbolInformation (/home/tel/.vscode-server/extensions/octref.vetur-0.24.0/node_modules/vscode-languageclient/lib/protocolConverter.js:449:22)
	at /home/tel/.vscode-server/extensions/octref.vetur-0.24.0/node_modules/vscode-languageclient/lib/protocolConverter.js:429:42
	at Array.map (<anonymous>)
	at Object.asSymbolInformations (/home/tel/.vscode-server/extensions/octref.vetur-0.24.0/node_modules/vscode-languageclient/lib/protocolConverter.js:429:23)
	at /home/tel/.vscode-server/extensions/octref.vetur-0.24.0/node_modules/vscode-languageclient/lib/client.js:1088:70
[2020-06-28 14:58:32.270] [exthost] [error] [octref.vetur] provider FAILED
[2020-06-28 14:58:32.271] [exthost] [error] Error: name must not be falsy
	at Function.validate (/home/tel/.vscode-server/bin/a5d1cc28bb5da32ec67e86cc50f84c67cc690321/out/vs/server/remoteExtensionHostProcess.js:468:420)
	at new e (/home/tel/.vscode-server/bin/a5d1cc28bb5da32ec67e86cc50f84c67cc690321/out/vs/server/remoteExtensionHostProcess.js:468:369)
	at new e (/home/tel/.vscode-server/bin/a5d1cc28bb5da32ec67e86cc50f84c67cc690321/out/vs/server/remoteExtensionHostProcess.js:455:44)
	at asSymbolInformation (/home/tel/.vscode-server/extensions/octref.vetur-0.24.0/node_modules/vscode-languageclient/lib/protocolConverter.js:449:22)
	at /home/tel/.vscode-server/extensions/octref.vetur-0.24.0/node_modules/vscode-languageclient/lib/protocolConverter.js:429:42
	at Array.map (<anonymous>)
	at Object.asSymbolInformations (/home/tel/.vscode-server/extensions/octref.vetur-0.24.0/node_modules/vscode-languageclient/lib/protocolConverter.js:429:23)
	at /home/tel/.vscode-server/extensions/octref.vetur-0.24.0/node_modules/vscode-languageclient/lib/client.js:1088:70
[2020-06-28 14:58:40.290] [exthost] [error] [octref.vetur] provider FAILED
[2020-06-28 14:58:40.290] [exthost] [error] Error: name must not be falsy
	at Function.validate (/home/tel/.vscode-server/bin/a5d1cc28bb5da32ec67e86cc50f84c67cc690321/out/vs/server/remoteExtensionHostProcess.js:468:420)
	at new e (/home/tel/.vscode-server/bin/a5d1cc28bb5da32ec67e86cc50f84c67cc690321/out/vs/server/remoteExtensionHostProcess.js:468:369)
	at new e (/home/tel/.vscode-server/bin/a5d1cc28bb5da32ec67e86cc50f84c67cc690321/out/vs/server/remoteExtensionHostProcess.js:455:44)
	at asSymbolInformation (/home/tel/.vscode-server/extensions/octref.vetur-0.24.0/node_modules/vscode-languageclient/lib/protocolConverter.js:449:22)
	at /home/tel/.vscode-server/extensions/octref.vetur-0.24.0/node_modules/vscode-languageclient/lib/protocolConverter.js:429:42
	at Array.map (<anonymous>)
	at Object.asSymbolInformations (/home/tel/.vscode-server/extensions/octref.vetur-0.24.0/node_modules/vscode-languageclient/lib/protocolConverter.js:429:23)
	at /home/tel/.vscode-server/extensions/octref.vetur-0.24.0/node_modules/vscode-languageclient/lib/client.js:1088:70
[2020-06-28 14:58:56.502] [exthost] [error] [octref.vetur] provider FAILED
[2020-06-28 14:58:56.504] [exthost] [error] Error: name must not be falsy
	at Function.validate (/home/tel/.vscode-server/bin/a5d1cc28bb5da32ec67e86cc50f84c67cc690321/out/vs/server/remoteExtensionHostProcess.js:468:420)
	at new e (/home/tel/.vscode-server/bin/a5d1cc28bb5da32ec67e86cc50f84c67cc690321/out/vs/server/remoteExtensionHostProcess.js:468:369)
	at new e (/home/tel/.vscode-server/bin/a5d1cc28bb5da32ec67e86cc50f84c67cc690321/out/vs/server/remoteExtensionHostProcess.js:455:44)
	at asSymbolInformation (/home/tel/.vscode-server/extensions/octref.vetur-0.24.0/node_modules/vscode-languageclient/lib/protocolConverter.js:449:22)
	at /home/tel/.vscode-server/extensions/octref.vetur-0.24.0/node_modules/vscode-languageclient/lib/protocolConverter.js:429:42
	at Array.map (<anonymous>)
	at Object.asSymbolInformations (/home/tel/.vscode-server/extensions/octref.vetur-0.24.0/node_modules/vscode-languageclient/lib/protocolConverter.js:429:23)
	at /home/tel/.vscode-server/extensions/octref.vetur-0.24.0/node_modules/vscode-languageclient/lib/client.js:1088:70
[2020-06-28 14:59:03.710] [exthost] [error] [octref.vetur] provider FAILED
[2020-06-28 14:59:03.710] [exthost] [error] Error: name must not be falsy
	at Function.validate (/home/tel/.vscode-server/bin/a5d1cc28bb5da32ec67e86cc50f84c67cc690321/out/vs/server/remoteExtensionHostProcess.js:468:420)
	at new e (/home/tel/.vscode-server/bin/a5d1cc28bb5da32ec67e86cc50f84c67cc690321/out/vs/server/remoteExtensionHostProcess.js:468:369)
	at new e (/home/tel/.vscode-server/bin/a5d1cc28bb5da32ec67e86cc50f84c67cc690321/out/vs/server/remoteExtensionHostProcess.js:455:44)
	at asSymbolInformation (/home/tel/.vscode-server/extensions/octref.vetur-0.24.0/node_modules/vscode-languageclient/lib/protocolConverter.js:449:22)
	at /home/tel/.vscode-server/extensions/octref.vetur-0.24.0/node_modules/vscode-languageclient/lib/protocolConverter.js:429:42
	at Array.map (<anonymous>)
	at Object.asSymbolInformations (/home/tel/.vscode-server/extensions/octref.vetur-0.24.0/node_modules/vscode-languageclient/lib/protocolConverter.js:429:23)
	at /home/tel/.vscode-server/extensions/octref.vetur-0.24.0/node_modules/vscode-languageclient/lib/client.js:1088:70
[2020-06-28 14:59:54.223] [exthost] [error] [octref.vetur] provider FAILED
[2020-06-28 14:59:54.223] [exthost] [error] Error: name must not be falsy
	at Function.validate (/home/tel/.vscode-server/bin/a5d1cc28bb5da32ec67e86cc50f84c67cc690321/out/vs/server/remoteExtensionHostProcess.js:468:420)
	at new e (/home/tel/.vscode-server/bin/a5d1cc28bb5da32ec67e86cc50f84c67cc690321/out/vs/server/remoteExtensionHostProcess.js:468:369)
	at new e (/home/tel/.vscode-server/bin/a5d1cc28bb5da32ec67e86cc50f84c67cc690321/out/vs/server/remoteExtensionHostProcess.js:455:44)
	at asSymbolInformation (/home/tel/.vscode-server/extensions/octref.vetur-0.24.0/node_modules/vscode-languageclient/lib/protocolConverter.js:449:22)
	at /home/tel/.vscode-server/extensions/octref.vetur-0.24.0/node_modules/vscode-languageclient/lib/protocolConverter.js:429:42
	at Array.map (<anonymous>)
	at Object.asSymbolInformations (/home/tel/.vscode-server/extensions/octref.vetur-0.24.0/node_modules/vscode-languageclient/lib/protocolConverter.js:429:23)
	at /home/tel/.vscode-server/extensions/octref.vetur-0.24.0/node_modules/vscode-languageclient/lib/client.js:1088:70
[2020-06-28 15:00:03.221] [exthost] [error] [octref.vetur] provider FAILED
[2020-06-28 15:00:03.223] [exthost] [error] Error: name must not be falsy
	at Function.validate (/home/tel/.vscode-server/bin/a5d1cc28bb5da32ec67e86cc50f84c67cc690321/out/vs/server/remoteExtensionHostProcess.js:468:420)
	at new e (/home/tel/.vscode-server/bin/a5d1cc28bb5da32ec67e86cc50f84c67cc690321/out/vs/server/remoteExtensionHostProcess.js:468:369)
	at new e (/home/tel/.vscode-server/bin/a5d1cc28bb5da32ec67e86cc50f84c67cc690321/out/vs/server/remoteExtensionHostProcess.js:455:44)
	at asSymbolInformation (/home/tel/.vscode-server/extensions/octref.vetur-0.24.0/node_modules/vscode-languageclient/lib/protocolConverter.js:449:22)
	at /home/tel/.vscode-server/extensions/octref.vetur-0.24.0/node_modules/vscode-languageclient/lib/protocolConverter.js:429:42
	at Array.map (<anonymous>)
	at Object.asSymbolInformations (/home/tel/.vscode-server/extensions/octref.vetur-0.24.0/node_modules/vscode-languageclient/lib/protocolConverter.js:429:23)
	at /home/tel/.vscode-server/extensions/octref.vetur-0.24.0/node_modules/vscode-languageclient/lib/client.js:1088:70
[2020-06-28 15:22:16.472] [exthost] [error] [octref.vetur] provider FAILED
[2020-06-28 15:22:16.473] [exthost] [error] Error: name must not be falsy
	at Function.validate (/home/tel/.vscode-server/bin/a5d1cc28bb5da32ec67e86cc50f84c67cc690321/out/vs/server/remoteExtensionHostProcess.js:468:420)
	at new e (/home/tel/.vscode-server/bin/a5d1cc28bb5da32ec67e86cc50f84c67cc690321/out/vs/server/remoteExtensionHostProcess.js:468:369)
	at new e (/home/tel/.vscode-server/bin/a5d1cc28bb5da32ec67e86cc50f84c67cc690321/out/vs/server/remoteExtensionHostProcess.js:455:44)
	at asSymbolInformation (/home/tel/.vscode-server/extensions/octref.vetur-0.24.0/node_modules/vscode-languageclient/lib/protocolConverter.js:449:22)
	at /home/tel/.vscode-server/extensions/octref.vetur-0.24.0/node_modules/vscode-languageclient/lib/protocolConverter.js:429:42
	at Array.map (<anonymous>)
	at Object.asSymbolInformations (/home/tel/.vscode-server/extensions/octref.vetur-0.24.0/node_modules/vscode-languageclient/lib/protocolConverter.js:429:23)
	at /home/tel/.vscode-server/extensions/octref.vetur-0.24.0/node_modules/vscode-languageclient/lib/client.js:1088:70
[2020-06-28 15:22:25.179] [exthost] [error] [octref.vetur] provider FAILED
[2020-06-28 15:22:25.180] [exthost] [error] Error: name must not be falsy
	at Function.validate (/home/tel/.vscode-server/bin/a5d1cc28bb5da32ec67e86cc50f84c67cc690321/out/vs/server/remoteExtensionHostProcess.js:468:420)
	at new e (/home/tel/.vscode-server/bin/a5d1cc28bb5da32ec67e86cc50f84c67cc690321/out/vs/server/remoteExtensionHostProcess.js:468:369)
	at new e (/home/tel/.vscode-server/bin/a5d1cc28bb5da32ec67e86cc50f84c67cc690321/out/vs/server/remoteExtensionHostProcess.js:455:44)
	at asSymbolInformation (/home/tel/.vscode-server/extensions/octref.vetur-0.24.0/node_modules/vscode-languageclient/lib/protocolConverter.js:449:22)
	at /home/tel/.vscode-server/extensions/octref.vetur-0.24.0/node_modules/vscode-languageclient/lib/protocolConverter.js:429:42
	at Array.map (<anonymous>)
	at Object.asSymbolInformations (/home/tel/.vscode-server/extensions/octref.vetur-0.24.0/node_modules/vscode-languageclient/lib/protocolConverter.js:429:23)
	at /home/tel/.vscode-server/extensions/octref.vetur-0.24.0/node_modules/vscode-languageclient/lib/client.js:1088:70
[2020-06-28 15:22:28.139] [exthost] [error] [octref.vetur] provider FAILED
[2020-06-28 15:22:28.139] [exthost] [error] Error: name must not be falsy
	at Function.validate (/home/tel/.vscode-server/bin/a5d1cc28bb5da32ec67e86cc50f84c67cc690321/out/vs/server/remoteExtensionHostProcess.js:468:420)
	at new e (/home/tel/.vscode-server/bin/a5d1cc28bb5da32ec67e86cc50f84c67cc690321/out/vs/server/remoteExtensionHostProcess.js:468:369)
	at new e (/home/tel/.vscode-server/bin/a5d1cc28bb5da32ec67e86cc50f84c67cc690321/out/vs/server/remoteExtensionHostProcess.js:455:44)
	at asSymbolInformation (/home/tel/.vscode-server/extensions/octref.vetur-0.24.0/node_modules/vscode-languageclient/lib/protocolConverter.js:449:22)
	at /home/tel/.vscode-server/extensions/octref.vetur-0.24.0/node_modules/vscode-languageclient/lib/protocolConverter.js:429:42
	at Array.map (<anonymous>)
	at Object.asSymbolInformations (/home/tel/.vscode-server/extensions/octref.vetur-0.24.0/node_modules/vscode-languageclient/lib/protocolConverter.js:429:23)
	at /home/tel/.vscode-server/extensions/octref.vetur-0.24.0/node_modules/vscode-languageclient/lib/client.js:1088:70
[2020-06-28 15:22:39.092] [exthost] [error] [octref.vetur] provider FAILED
[2020-06-28 15:22:39.092] [exthost] [error] Error: name must not be falsy
	at Function.validate (/home/tel/.vscode-server/bin/a5d1cc28bb5da32ec67e86cc50f84c67cc690321/out/vs/server/remoteExtensionHostProcess.js:468:420)
	at new e (/home/tel/.vscode-server/bin/a5d1cc28bb5da32ec67e86cc50f84c67cc690321/out/vs/server/remoteExtensionHostProcess.js:468:369)
	at new e (/home/tel/.vscode-server/bin/a5d1cc28bb5da32ec67e86cc50f84c67cc690321/out/vs/server/remoteExtensionHostProcess.js:455:44)
	at asSymbolInformation (/home/tel/.vscode-server/extensions/octref.vetur-0.24.0/node_modules/vscode-languageclient/lib/protocolConverter.js:449:22)
	at /home/tel/.vscode-server/extensions/octref.vetur-0.24.0/node_modules/vscode-languageclient/lib/protocolConverter.js:429:42
	at Array.map (<anonymous>)
	at Object.asSymbolInformations (/home/tel/.vscode-server/extensions/octref.vetur-0.24.0/node_modules/vscode-languageclient/lib/protocolConverter.js:429:23)
	at /home/tel/.vscode-server/extensions/octref.vetur-0.24.0/node_modules/vscode-languageclient/lib/client.js:1088:70
[2020-06-28 15:35:26.421] [exthost] [warning] [Deprecation Warning] 'CodeActionProvider.provideCodeActions - return commands' is deprecated. Return 'CodeAction' instances instead.
[2020-06-28 15:37:59.389] [exthost] [info] ExtensionService#_doActivateExtension vscode.extension-editing {"startup":false,"extensionId":{"value":"vscode.extension-editing","_lower":"vscode.extension-editing"},"activationEvent":"onLanguage:typescript"}
[2020-06-28 15:37:59.391] [exthost] [info] ExtensionService#loadCommonJSModule file:///home/tel/.vscode-server/bin/a5d1cc28bb5da32ec67e86cc50f84c67cc690321/extensions/extension-editing/dist/extension
[2020-06-28 15:37:59.553] [exthost] [info] ExtensionService#_doActivateExtension vscode.typescript-language-features {"startup":false,"extensionId":{"value":"vscode.typescript-language-features","_lower":"vscode.typescript-language-features"},"activationEvent":"onLanguage:typescript"}
[2020-06-28 15:37:59.553] [exthost] [info] ExtensionService#loadCommonJSModule file:///home/tel/.vscode-server/bin/a5d1cc28bb5da32ec67e86cc50f84c67cc690321/extensions/typescript-language-features/dist/extension
[2020-06-28 15:41:02.383] [exthost] [error] [octref.vetur] provider FAILED
[2020-06-28 15:41:02.383] [exthost] [error] Error: name must not be falsy
	at Function.validate (/home/tel/.vscode-server/bin/a5d1cc28bb5da32ec67e86cc50f84c67cc690321/out/vs/server/remoteExtensionHostProcess.js:468:420)
	at new e (/home/tel/.vscode-server/bin/a5d1cc28bb5da32ec67e86cc50f84c67cc690321/out/vs/server/remoteExtensionHostProcess.js:468:369)
	at new e (/home/tel/.vscode-server/bin/a5d1cc28bb5da32ec67e86cc50f84c67cc690321/out/vs/server/remoteExtensionHostProcess.js:455:44)
	at asSymbolInformation (/home/tel/.vscode-server/extensions/octref.vetur-0.24.0/node_modules/vscode-languageclient/lib/protocolConverter.js:449:22)
	at /home/tel/.vscode-server/extensions/octref.vetur-0.24.0/node_modules/vscode-languageclient/lib/protocolConverter.js:429:42
	at Array.map (<anonymous>)
	at Object.asSymbolInformations (/home/tel/.vscode-server/extensions/octref.vetur-0.24.0/node_modules/vscode-languageclient/lib/protocolConverter.js:429:23)
	at /home/tel/.vscode-server/extensions/octref.vetur-0.24.0/node_modules/vscode-languageclient/lib/client.js:1088:70
[2020-06-28 15:41:07.235] [exthost] [error] [octref.vetur] provider FAILED
[2020-06-28 15:41:07.236] [exthost] [error] Error: name must not be falsy
	at Function.validate (/home/tel/.vscode-server/bin/a5d1cc28bb5da32ec67e86cc50f84c67cc690321/out/vs/server/remoteExtensionHostProcess.js:468:420)
	at new e (/home/tel/.vscode-server/bin/a5d1cc28bb5da32ec67e86cc50f84c67cc690321/out/vs/server/remoteExtensionHostProcess.js:468:369)
	at new e (/home/tel/.vscode-server/bin/a5d1cc28bb5da32ec67e86cc50f84c67cc690321/out/vs/server/remoteExtensionHostProcess.js:455:44)
	at asSymbolInformation (/home/tel/.vscode-server/extensions/octref.vetur-0.24.0/node_modules/vscode-languageclient/lib/protocolConverter.js:449:22)
	at /home/tel/.vscode-server/extensions/octref.vetur-0.24.0/node_modules/vscode-languageclient/lib/protocolConverter.js:429:42
	at Array.map (<anonymous>)
	at Object.asSymbolInformations (/home/tel/.vscode-server/extensions/octref.vetur-0.24.0/node_modules/vscode-languageclient/lib/protocolConverter.js:429:23)
	at /home/tel/.vscode-server/extensions/octref.vetur-0.24.0/node_modules/vscode-languageclient/lib/client.js:1088:70
[2020-06-28 15:51:47.804] [exthost] [error] [octref.vetur] provider FAILED
[2020-06-28 15:51:47.804] [exthost] [error] Error: name must not be falsy
	at Function.validate (/home/tel/.vscode-server/bin/a5d1cc28bb5da32ec67e86cc50f84c67cc690321/out/vs/server/remoteExtensionHostProcess.js:468:420)
	at new e (/home/tel/.vscode-server/bin/a5d1cc28bb5da32ec67e86cc50f84c67cc690321/out/vs/server/remoteExtensionHostProcess.js:468:369)
	at new e (/home/tel/.vscode-server/bin/a5d1cc28bb5da32ec67e86cc50f84c67cc690321/out/vs/server/remoteExtensionHostProcess.js:455:44)
	at asSymbolInformation (/home/tel/.vscode-server/extensions/octref.vetur-0.24.0/node_modules/vscode-languageclient/lib/protocolConverter.js:449:22)
	at /home/tel/.vscode-server/extensions/octref.vetur-0.24.0/node_modules/vscode-languageclient/lib/protocolConverter.js:429:42
	at Array.map (<anonymous>)
	at Object.asSymbolInformations (/home/tel/.vscode-server/extensions/octref.vetur-0.24.0/node_modules/vscode-languageclient/lib/protocolConverter.js:429:23)
	at /home/tel/.vscode-server/extensions/octref.vetur-0.24.0/node_modules/vscode-languageclient/lib/client.js:1088:70
[2020-06-28 15:51:55.751] [exthost] [error] [octref.vetur] provider FAILED
[2020-06-28 15:51:55.751] [exthost] [error] Error: name must not be falsy
	at Function.validate (/home/tel/.vscode-server/bin/a5d1cc28bb5da32ec67e86cc50f84c67cc690321/out/vs/server/remoteExtensionHostProcess.js:468:420)
	at new e (/home/tel/.vscode-server/bin/a5d1cc28bb5da32ec67e86cc50f84c67cc690321/out/vs/server/remoteExtensionHostProcess.js:468:369)
	at new e (/home/tel/.vscode-server/bin/a5d1cc28bb5da32ec67e86cc50f84c67cc690321/out/vs/server/remoteExtensionHostProcess.js:455:44)
	at asSymbolInformation (/home/tel/.vscode-server/extensions/octref.vetur-0.24.0/node_modules/vscode-languageclient/lib/protocolConverter.js:449:22)
	at /home/tel/.vscode-server/extensions/octref.vetur-0.24.0/node_modules/vscode-languageclient/lib/protocolConverter.js:429:42
	at Array.map (<anonymous>)
	at Object.asSymbolInformations (/home/tel/.vscode-server/extensions/octref.vetur-0.24.0/node_modules/vscode-languageclient/lib/protocolConverter.js:429:23)
	at /home/tel/.vscode-server/extensions/octref.vetur-0.24.0/node_modules/vscode-languageclient/lib/client.js:1088:70
[2020-06-28 17:29:38.413] [exthost] [error] [octref.vetur] provider FAILED
[2020-06-28 17:29:38.413] [exthost] [error] Error: name must not be falsy
	at Function.validate (/home/tel/.vscode-server/bin/a5d1cc28bb5da32ec67e86cc50f84c67cc690321/out/vs/server/remoteExtensionHostProcess.js:468:420)
	at new e (/home/tel/.vscode-server/bin/a5d1cc28bb5da32ec67e86cc50f84c67cc690321/out/vs/server/remoteExtensionHostProcess.js:468:369)
	at new e (/home/tel/.vscode-server/bin/a5d1cc28bb5da32ec67e86cc50f84c67cc690321/out/vs/server/remoteExtensionHostProcess.js:455:44)
	at asSymbolInformation (/home/tel/.vscode-server/extensions/octref.vetur-0.24.0/node_modules/vscode-languageclient/lib/protocolConverter.js:449:22)
	at /home/tel/.vscode-server/extensions/octref.vetur-0.24.0/node_modules/vscode-languageclient/lib/protocolConverter.js:429:42
	at Array.map (<anonymous>)
	at Object.asSymbolInformations (/home/tel/.vscode-server/extensions/octref.vetur-0.24.0/node_modules/vscode-languageclient/lib/protocolConverter.js:429:23)
	at /home/tel/.vscode-server/extensions/octref.vetur-0.24.0/node_modules/vscode-languageclient/lib/client.js:1088:70
[2020-06-28 17:29:46.554] [exthost] [error] [octref.vetur] provider FAILED
[2020-06-28 17:29:46.555] [exthost] [error] Error: name must not be falsy
	at Function.validate (/home/tel/.vscode-server/bin/a5d1cc28bb5da32ec67e86cc50f84c67cc690321/out/vs/server/remoteExtensionHostProcess.js:468:420)
	at new e (/home/tel/.vscode-server/bin/a5d1cc28bb5da32ec67e86cc50f84c67cc690321/out/vs/server/remoteExtensionHostProcess.js:468:369)
	at new e (/home/tel/.vscode-server/bin/a5d1cc28bb5da32ec67e86cc50f84c67cc690321/out/vs/server/remoteExtensionHostProcess.js:455:44)
	at asSymbolInformation (/home/tel/.vscode-server/extensions/octref.vetur-0.24.0/node_modules/vscode-languageclient/lib/protocolConverter.js:449:22)
	at /home/tel/.vscode-server/extensions/octref.vetur-0.24.0/node_modules/vscode-languageclient/lib/protocolConverter.js:429:42
	at Array.map (<anonymous>)
	at Object.asSymbolInformations (/home/tel/.vscode-server/extensions/octref.vetur-0.24.0/node_modules/vscode-languageclient/lib/protocolConverter.js:429:23)
	at /home/tel/.vscode-server/extensions/octref.vetur-0.24.0/node_modules/vscode-languageclient/lib/client.js:1088:70
[2020-06-28 17:29:49.084] [exthost] [error] [octref.vetur] provider FAILED
[2020-06-28 17:29:49.084] [exthost] [error] Error: name must not be falsy
	at Function.validate (/home/tel/.vscode-server/bin/a5d1cc28bb5da32ec67e86cc50f84c67cc690321/out/vs/server/remoteExtensionHostProcess.js:468:420)
	at new e (/home/tel/.vscode-server/bin/a5d1cc28bb5da32ec67e86cc50f84c67cc690321/out/vs/server/remoteExtensionHostProcess.js:468:369)
	at new e (/home/tel/.vscode-server/bin/a5d1cc28bb5da32ec67e86cc50f84c67cc690321/out/vs/server/remoteExtensionHostProcess.js:455:44)
	at asSymbolInformation (/home/tel/.vscode-server/extensions/octref.vetur-0.24.0/node_modules/vscode-languageclient/lib/protocolConverter.js:449:22)
	at /home/tel/.vscode-server/extensions/octref.vetur-0.24.0/node_modules/vscode-languageclient/lib/protocolConverter.js:429:42
	at Array.map (<anonymous>)
	at Object.asSymbolInformations (/home/tel/.vscode-server/extensions/octref.vetur-0.24.0/node_modules/vscode-languageclient/lib/protocolConverter.js:429:23)
	at /home/tel/.vscode-server/extensions/octref.vetur-0.24.0/node_modules/vscode-languageclient/lib/client.js:1088:70
[2020-06-28 17:30:51.916] [exthost] [error] [octref.vetur] provider FAILED
[2020-06-28 17:30:51.916] [exthost] [error] Error: name must not be falsy
	at Function.validate (/home/tel/.vscode-server/bin/a5d1cc28bb5da32ec67e86cc50f84c67cc690321/out/vs/server/remoteExtensionHostProcess.js:468:420)
	at new e (/home/tel/.vscode-server/bin/a5d1cc28bb5da32ec67e86cc50f84c67cc690321/out/vs/server/remoteExtensionHostProcess.js:468:369)
	at new e (/home/tel/.vscode-server/bin/a5d1cc28bb5da32ec67e86cc50f84c67cc690321/out/vs/server/remoteExtensionHostProcess.js:455:44)
	at asSymbolInformation (/home/tel/.vscode-server/extensions/octref.vetur-0.24.0/node_modules/vscode-languageclient/lib/protocolConverter.js:449:22)
	at /home/tel/.vscode-server/extensions/octref.vetur-0.24.0/node_modules/vscode-languageclient/lib/protocolConverter.js:429:42
	at Array.map (<anonymous>)
	at Object.asSymbolInformations (/home/tel/.vscode-server/extensions/octref.vetur-0.24.0/node_modules/vscode-languageclient/lib/protocolConverter.js:429:23)
	at /home/tel/.vscode-server/extensions/octref.vetur-0.24.0/node_modules/vscode-languageclient/lib/client.js:1088:70
[2020-06-28 17:30:58.113] [exthost] [error] [octref.vetur] provider FAILED
[2020-06-28 17:30:58.114] [exthost] [error] Error: name must not be falsy
	at Function.validate (/home/tel/.vscode-server/bin/a5d1cc28bb5da32ec67e86cc50f84c67cc690321/out/vs/server/remoteExtensionHostProcess.js:468:420)
	at new e (/home/tel/.vscode-server/bin/a5d1cc28bb5da32ec67e86cc50f84c67cc690321/out/vs/server/remoteExtensionHostProcess.js:468:369)
	at new e (/home/tel/.vscode-server/bin/a5d1cc28bb5da32ec67e86cc50f84c67cc690321/out/vs/server/remoteExtensionHostProcess.js:455:44)
	at asSymbolInformation (/home/tel/.vscode-server/extensions/octref.vetur-0.24.0/node_modules/vscode-languageclient/lib/protocolConverter.js:449:22)
	at /home/tel/.vscode-server/extensions/octref.vetur-0.24.0/node_modules/vscode-languageclient/lib/protocolConverter.js:429:42
	at Array.map (<anonymous>)
	at Object.asSymbolInformations (/home/tel/.vscode-server/extensions/octref.vetur-0.24.0/node_modules/vscode-languageclient/lib/protocolConverter.js:429:23)
	at /home/tel/.vscode-server/extensions/octref.vetur-0.24.0/node_modules/vscode-languageclient/lib/client.js:1088:70
[2020-06-28 17:30:59.039] [exthost] [error] [octref.vetur] provider FAILED
[2020-06-28 17:30:59.040] [exthost] [error] Error: name must not be falsy
	at Function.validate (/home/tel/.vscode-server/bin/a5d1cc28bb5da32ec67e86cc50f84c67cc690321/out/vs/server/remoteExtensionHostProcess.js:468:420)
	at new e (/home/tel/.vscode-server/bin/a5d1cc28bb5da32ec67e86cc50f84c67cc690321/out/vs/server/remoteExtensionHostProcess.js:468:369)
	at new e (/home/tel/.vscode-server/bin/a5d1cc28bb5da32ec67e86cc50f84c67cc690321/out/vs/server/remoteExtensionHostProcess.js:455:44)
	at asSymbolInformation (/home/tel/.vscode-server/extensions/octref.vetur-0.24.0/node_modules/vscode-languageclient/lib/protocolConverter.js:449:22)
	at /home/tel/.vscode-server/extensions/octref.vetur-0.24.0/node_modules/vscode-languageclient/lib/protocolConverter.js:429:42
	at Array.map (<anonymous>)
	at Object.asSymbolInformations (/home/tel/.vscode-server/extensions/octref.vetur-0.24.0/node_modules/vscode-languageclient/lib/protocolConverter.js:429:23)
	at /home/tel/.vscode-server/extensions/octref.vetur-0.24.0/node_modules/vscode-languageclient/lib/client.js:1088:70
[2020-06-28 17:32:56.817] [exthost] [error] [octref.vetur] provider FAILED
[2020-06-28 17:32:56.818] [exthost] [error] Error: name must not be falsy
	at Function.validate (/home/tel/.vscode-server/bin/a5d1cc28bb5da32ec67e86cc50f84c67cc690321/out/vs/server/remoteExtensionHostProcess.js:468:420)
	at new e (/home/tel/.vscode-server/bin/a5d1cc28bb5da32ec67e86cc50f84c67cc690321/out/vs/server/remoteExtensionHostProcess.js:468:369)
	at new e (/home/tel/.vscode-server/bin/a5d1cc28bb5da32ec67e86cc50f84c67cc690321/out/vs/server/remoteExtensionHostProcess.js:455:44)
	at asSymbolInformation (/home/tel/.vscode-server/extensions/octref.vetur-0.24.0/node_modules/vscode-languageclient/lib/protocolConverter.js:449:22)
	at /home/tel/.vscode-server/extensions/octref.vetur-0.24.0/node_modules/vscode-languageclient/lib/protocolConverter.js:429:42
	at Array.map (<anonymous>)
	at Object.asSymbolInformations (/home/tel/.vscode-server/extensions/octref.vetur-0.24.0/node_modules/vscode-languageclient/lib/protocolConverter.js:429:23)
	at /home/tel/.vscode-server/extensions/octref.vetur-0.24.0/node_modules/vscode-languageclient/lib/client.js:1088:70
[2020-06-28 17:33:03.425] [exthost] [error] [octref.vetur] provider FAILED
[2020-06-28 17:33:03.426] [exthost] [error] Error: name must not be falsy
	at Function.validate (/home/tel/.vscode-server/bin/a5d1cc28bb5da32ec67e86cc50f84c67cc690321/out/vs/server/remoteExtensionHostProcess.js:468:420)
	at new e (/home/tel/.vscode-server/bin/a5d1cc28bb5da32ec67e86cc50f84c67cc690321/out/vs/server/remoteExtensionHostProcess.js:468:369)
	at new e (/home/tel/.vscode-server/bin/a5d1cc28bb5da32ec67e86cc50f84c67cc690321/out/vs/server/remoteExtensionHostProcess.js:455:44)
	at asSymbolInformation (/home/tel/.vscode-server/extensions/octref.vetur-0.24.0/node_modules/vscode-languageclient/lib/protocolConverter.js:449:22)
	at /home/tel/.vscode-server/extensions/octref.vetur-0.24.0/node_modules/vscode-languageclient/lib/protocolConverter.js:429:42
	at Array.map (<anonymous>)
	at Object.asSymbolInformations (/home/tel/.vscode-server/extensions/octref.vetur-0.24.0/node_modules/vscode-languageclient/lib/protocolConverter.js:429:23)
	at /home/tel/.vscode-server/extensions/octref.vetur-0.24.0/node_modules/vscode-languageclient/lib/client.js:1088:70
[2020-06-28 17:34:54.622] [exthost] [error] [octref.vetur] provider FAILED
[2020-06-28 17:34:54.622] [exthost] [error] Error: name must not be falsy
	at Function.validate (/home/tel/.vscode-server/bin/a5d1cc28bb5da32ec67e86cc50f84c67cc690321/out/vs/server/remoteExtensionHostProcess.js:468:420)
	at new e (/home/tel/.vscode-server/bin/a5d1cc28bb5da32ec67e86cc50f84c67cc690321/out/vs/server/remoteExtensionHostProcess.js:468:369)
	at new e (/home/tel/.vscode-server/bin/a5d1cc28bb5da32ec67e86cc50f84c67cc690321/out/vs/server/remoteExtensionHostProcess.js:455:44)
	at asSymbolInformation (/home/tel/.vscode-server/extensions/octref.vetur-0.24.0/node_modules/vscode-languageclient/lib/protocolConverter.js:449:22)
	at /home/tel/.vscode-server/extensions/octref.vetur-0.24.0/node_modules/vscode-languageclient/lib/protocolConverter.js:429:42
	at Array.map (<anonymous>)
	at Object.asSymbolInformations (/home/tel/.vscode-server/extensions/octref.vetur-0.24.0/node_modules/vscode-languageclient/lib/protocolConverter.js:429:23)
	at /home/tel/.vscode-server/extensions/octref.vetur-0.24.0/node_modules/vscode-languageclient/lib/client.js:1088:70
[2020-06-28 17:34:57.094] [exthost] [error] [octref.vetur] provider FAILED
[2020-06-28 17:34:57.094] [exthost] [error] Error: name must not be falsy
	at Function.validate (/home/tel/.vscode-server/bin/a5d1cc28bb5da32ec67e86cc50f84c67cc690321/out/vs/server/remoteExtensionHostProcess.js:468:420)
	at new e (/home/tel/.vscode-server/bin/a5d1cc28bb5da32ec67e86cc50f84c67cc690321/out/vs/server/remoteExtensionHostProcess.js:468:369)
	at new e (/home/tel/.vscode-server/bin/a5d1cc28bb5da32ec67e86cc50f84c67cc690321/out/vs/server/remoteExtensionHostProcess.js:455:44)
	at asSymbolInformation (/home/tel/.vscode-server/extensions/octref.vetur-0.24.0/node_modules/vscode-languageclient/lib/protocolConverter.js:449:22)
	at /home/tel/.vscode-server/extensions/octref.vetur-0.24.0/node_modules/vscode-languageclient/lib/protocolConverter.js:429:42
	at Array.map (<anonymous>)
	at Object.asSymbolInformations (/home/tel/.vscode-server/extensions/octref.vetur-0.24.0/node_modules/vscode-languageclient/lib/protocolConverter.js:429:23)
	at /home/tel/.vscode-server/extensions/octref.vetur-0.24.0/node_modules/vscode-languageclient/lib/client.js:1088:70
[2020-06-28 17:34:58.950] [exthost] [error] [octref.vetur] provider FAILED
[2020-06-28 17:34:58.950] [exthost] [error] Error: name must not be falsy
	at Function.validate (/home/tel/.vscode-server/bin/a5d1cc28bb5da32ec67e86cc50f84c67cc690321/out/vs/server/remoteExtensionHostProcess.js:468:420)
	at new e (/home/tel/.vscode-server/bin/a5d1cc28bb5da32ec67e86cc50f84c67cc690321/out/vs/server/remoteExtensionHostProcess.js:468:369)
	at new e (/home/tel/.vscode-server/bin/a5d1cc28bb5da32ec67e86cc50f84c67cc690321/out/vs/server/remoteExtensionHostProcess.js:455:44)
	at asSymbolInformation (/home/tel/.vscode-server/extensions/octref.vetur-0.24.0/node_modules/vscode-languageclient/lib/protocolConverter.js:449:22)
	at /home/tel/.vscode-server/extensions/octref.vetur-0.24.0/node_modules/vscode-languageclient/lib/protocolConverter.js:429:42
	at Array.map (<anonymous>)
	at Object.asSymbolInformations (/home/tel/.vscode-server/extensions/octref.vetur-0.24.0/node_modules/vscode-languageclient/lib/protocolConverter.js:429:23)
	at /home/tel/.vscode-server/extensions/octref.vetur-0.24.0/node_modules/vscode-languageclient/lib/client.js:1088:70
[2020-06-28 17:35:03.269] [exthost] [error] [octref.vetur] provider FAILED
[2020-06-28 17:35:03.270] [exthost] [error] Error: name must not be falsy
	at Function.validate (/home/tel/.vscode-server/bin/a5d1cc28bb5da32ec67e86cc50f84c67cc690321/out/vs/server/remoteExtensionHostProcess.js:468:420)
	at new e (/home/tel/.vscode-server/bin/a5d1cc28bb5da32ec67e86cc50f84c67cc690321/out/vs/server/remoteExtensionHostProcess.js:468:369)
	at new e (/home/tel/.vscode-server/bin/a5d1cc28bb5da32ec67e86cc50f84c67cc690321/out/vs/server/remoteExtensionHostProcess.js:455:44)
	at asSymbolInformation (/home/tel/.vscode-server/extensions/octref.vetur-0.24.0/node_modules/vscode-languageclient/lib/protocolConverter.js:449:22)
	at /home/tel/.vscode-server/extensions/octref.vetur-0.24.0/node_modules/vscode-languageclient/lib/protocolConverter.js:429:42
	at Array.map (<anonymous>)
	at Object.asSymbolInformations (/home/tel/.vscode-server/extensions/octref.vetur-0.24.0/node_modules/vscode-languageclient/lib/protocolConverter.js:429:23)
	at /home/tel/.vscode-server/extensions/octref.vetur-0.24.0/node_modules/vscode-languageclient/lib/client.js:1088:70
[2020-06-28 17:35:13.723] [exthost] [error] [octref.vetur] provider FAILED
[2020-06-28 17:35:13.724] [exthost] [error] Error: name must not be falsy
	at Function.validate (/home/tel/.vscode-server/bin/a5d1cc28bb5da32ec67e86cc50f84c67cc690321/out/vs/server/remoteExtensionHostProcess.js:468:420)
	at new e (/home/tel/.vscode-server/bin/a5d1cc28bb5da32ec67e86cc50f84c67cc690321/out/vs/server/remoteExtensionHostProcess.js:468:369)
	at new e (/home/tel/.vscode-server/bin/a5d1cc28bb5da32ec67e86cc50f84c67cc690321/out/vs/server/remoteExtensionHostProcess.js:455:44)
	at asSymbolInformation (/home/tel/.vscode-server/extensions/octref.vetur-0.24.0/node_modules/vscode-languageclient/lib/protocolConverter.js:449:22)
	at /home/tel/.vscode-server/extensions/octref.vetur-0.24.0/node_modules/vscode-languageclient/lib/protocolConverter.js:429:42
	at Array.map (<anonymous>)
	at Object.asSymbolInformations (/home/tel/.vscode-server/extensions/octref.vetur-0.24.0/node_modules/vscode-languageclient/lib/protocolConverter.js:429:23)
	at /home/tel/.vscode-server/extensions/octref.vetur-0.24.0/node_modules/vscode-languageclient/lib/client.js:1088:70
[2020-06-28 17:35:19.045] [exthost] [error] [octref.vetur] provider FAILED
[2020-06-28 17:35:19.045] [exthost] [error] Error: name must not be falsy
	at Function.validate (/home/tel/.vscode-server/bin/a5d1cc28bb5da32ec67e86cc50f84c67cc690321/out/vs/server/remoteExtensionHostProcess.js:468:420)
	at new e (/home/tel/.vscode-server/bin/a5d1cc28bb5da32ec67e86cc50f84c67cc690321/out/vs/server/remoteExtensionHostProcess.js:468:369)
	at new e (/home/tel/.vscode-server/bin/a5d1cc28bb5da32ec67e86cc50f84c67cc690321/out/vs/server/remoteExtensionHostProcess.js:455:44)
	at asSymbolInformation (/home/tel/.vscode-server/extensions/octref.vetur-0.24.0/node_modules/vscode-languageclient/lib/protocolConverter.js:449:22)
	at /home/tel/.vscode-server/extensions/octref.vetur-0.24.0/node_modules/vscode-languageclient/lib/protocolConverter.js:429:42
	at Array.map (<anonymous>)
	at Object.asSymbolInformations (/home/tel/.vscode-server/extensions/octref.vetur-0.24.0/node_modules/vscode-languageclient/lib/protocolConverter.js:429:23)
	at /home/tel/.vscode-server/extensions/octref.vetur-0.24.0/node_modules/vscode-languageclient/lib/client.js:1088:70
[2020-06-28 17:35:29.858] [exthost] [error] [octref.vetur] provider FAILED
[2020-06-28 17:35:29.858] [exthost] [error] Error: name must not be falsy
	at Function.validate (/home/tel/.vscode-server/bin/a5d1cc28bb5da32ec67e86cc50f84c67cc690321/out/vs/server/remoteExtensionHostProcess.js:468:420)
	at new e (/home/tel/.vscode-server/bin/a5d1cc28bb5da32ec67e86cc50f84c67cc690321/out/vs/server/remoteExtensionHostProcess.js:468:369)
	at new e (/home/tel/.vscode-server/bin/a5d1cc28bb5da32ec67e86cc50f84c67cc690321/out/vs/server/remoteExtensionHostProcess.js:455:44)
	at asSymbolInformation (/home/tel/.vscode-server/extensions/octref.vetur-0.24.0/node_modules/vscode-languageclient/lib/protocolConverter.js:449:22)
	at /home/tel/.vscode-server/extensions/octref.vetur-0.24.0/node_modules/vscode-languageclient/lib/protocolConverter.js:429:42
	at Array.map (<anonymous>)
	at Object.asSymbolInformations (/home/tel/.vscode-server/extensions/octref.vetur-0.24.0/node_modules/vscode-languageclient/lib/protocolConverter.js:429:23)
	at /home/tel/.vscode-server/extensions/octref.vetur-0.24.0/node_modules/vscode-languageclient/lib/client.js:1088:70
[2020-06-28 17:35:30.595] [exthost] [error] [octref.vetur] provider FAILED
[2020-06-28 17:35:30.596] [exthost] [error] Error: name must not be falsy
	at Function.validate (/home/tel/.vscode-server/bin/a5d1cc28bb5da32ec67e86cc50f84c67cc690321/out/vs/server/remoteExtensionHostProcess.js:468:420)
	at new e (/home/tel/.vscode-server/bin/a5d1cc28bb5da32ec67e86cc50f84c67cc690321/out/vs/server/remoteExtensionHostProcess.js:468:369)
	at new e (/home/tel/.vscode-server/bin/a5d1cc28bb5da32ec67e86cc50f84c67cc690321/out/vs/server/remoteExtensionHostProcess.js:455:44)
	at asSymbolInformation (/home/tel/.vscode-server/extensions/octref.vetur-0.24.0/node_modules/vscode-languageclient/lib/protocolConverter.js:449:22)
	at /home/tel/.vscode-server/extensions/octref.vetur-0.24.0/node_modules/vscode-languageclient/lib/protocolConverter.js:429:42
	at Array.map (<anonymous>)
	at Object.asSymbolInformations (/home/tel/.vscode-server/extensions/octref.vetur-0.24.0/node_modules/vscode-languageclient/lib/protocolConverter.js:429:23)
	at /home/tel/.vscode-server/extensions/octref.vetur-0.24.0/node_modules/vscode-languageclient/lib/client.js:1088:70
[2020-06-28 17:35:31.277] [exthost] [error] [octref.vetur] provider FAILED
[2020-06-28 17:35:31.278] [exthost] [error] Error: name must not be falsy
	at Function.validate (/home/tel/.vscode-server/bin/a5d1cc28bb5da32ec67e86cc50f84c67cc690321/out/vs/server/remoteExtensionHostProcess.js:468:420)
	at new e (/home/tel/.vscode-server/bin/a5d1cc28bb5da32ec67e86cc50f84c67cc690321/out/vs/server/remoteExtensionHostProcess.js:468:369)
	at new e (/home/tel/.vscode-server/bin/a5d1cc28bb5da32ec67e86cc50f84c67cc690321/out/vs/server/remoteExtensionHostProcess.js:455:44)
	at asSymbolInformation (/home/tel/.vscode-server/extensions/octref.vetur-0.24.0/node_modules/vscode-languageclient/lib/protocolConverter.js:449:22)
	at /home/tel/.vscode-server/extensions/octref.vetur-0.24.0/node_modules/vscode-languageclient/lib/protocolConverter.js:429:42
	at Array.map (<anonymous>)
	at Object.asSymbolInformations (/home/tel/.vscode-server/extensions/octref.vetur-0.24.0/node_modules/vscode-languageclient/lib/protocolConverter.js:429:23)
	at /home/tel/.vscode-server/extensions/octref.vetur-0.24.0/node_modules/vscode-languageclient/lib/client.js:1088:70
[2020-06-28 17:35:32.214] [exthost] [error] [octref.vetur] provider FAILED
[2020-06-28 17:35:32.214] [exthost] [error] Error: name must not be falsy
	at Function.validate (/home/tel/.vscode-server/bin/a5d1cc28bb5da32ec67e86cc50f84c67cc690321/out/vs/server/remoteExtensionHostProcess.js:468:420)
	at new e (/home/tel/.vscode-server/bin/a5d1cc28bb5da32ec67e86cc50f84c67cc690321/out/vs/server/remoteExtensionHostProcess.js:468:369)
	at new e (/home/tel/.vscode-server/bin/a5d1cc28bb5da32ec67e86cc50f84c67cc690321/out/vs/server/remoteExtensionHostProcess.js:455:44)
	at asSymbolInformation (/home/tel/.vscode-server/extensions/octref.vetur-0.24.0/node_modules/vscode-languageclient/lib/protocolConverter.js:449:22)
	at /home/tel/.vscode-server/extensions/octref.vetur-0.24.0/node_modules/vscode-languageclient/lib/protocolConverter.js:429:42
	at Array.map (<anonymous>)
	at Object.asSymbolInformations (/home/tel/.vscode-server/extensions/octref.vetur-0.24.0/node_modules/vscode-languageclient/lib/protocolConverter.js:429:23)
	at /home/tel/.vscode-server/extensions/octref.vetur-0.24.0/node_modules/vscode-languageclient/lib/client.js:1088:70
[2020-06-28 17:35:38.709] [exthost] [error] [octref.vetur] provider FAILED
[2020-06-28 17:35:38.709] [exthost] [error] Error: name must not be falsy
	at Function.validate (/home/tel/.vscode-server/bin/a5d1cc28bb5da32ec67e86cc50f84c67cc690321/out/vs/server/remoteExtensionHostProcess.js:468:420)
	at new e (/home/tel/.vscode-server/bin/a5d1cc28bb5da32ec67e86cc50f84c67cc690321/out/vs/server/remoteExtensionHostProcess.js:468:369)
	at new e (/home/tel/.vscode-server/bin/a5d1cc28bb5da32ec67e86cc50f84c67cc690321/out/vs/server/remoteExtensionHostProcess.js:455:44)
	at asSymbolInformation (/home/tel/.vscode-server/extensions/octref.vetur-0.24.0/node_modules/vscode-languageclient/lib/protocolConverter.js:449:22)
	at /home/tel/.vscode-server/extensions/octref.vetur-0.24.0/node_modules/vscode-languageclient/lib/protocolConverter.js:429:42
	at Array.map (<anonymous>)
	at Object.asSymbolInformations (/home/tel/.vscode-server/extensions/octref.vetur-0.24.0/node_modules/vscode-languageclient/lib/protocolConverter.js:429:23)
	at /home/tel/.vscode-server/extensions/octref.vetur-0.24.0/node_modules/vscode-languageclient/lib/client.js:1088:70
[2020-06-28 17:35:39.609] [exthost] [error] [octref.vetur] provider FAILED
[2020-06-28 17:35:39.609] [exthost] [error] Error: name must not be falsy
	at Function.validate (/home/tel/.vscode-server/bin/a5d1cc28bb5da32ec67e86cc50f84c67cc690321/out/vs/server/remoteExtensionHostProcess.js:468:420)
	at new e (/home/tel/.vscode-server/bin/a5d1cc28bb5da32ec67e86cc50f84c67cc690321/out/vs/server/remoteExtensionHostProcess.js:468:369)
	at new e (/home/tel/.vscode-server/bin/a5d1cc28bb5da32ec67e86cc50f84c67cc690321/out/vs/server/remoteExtensionHostProcess.js:455:44)
	at asSymbolInformation (/home/tel/.vscode-server/extensions/octref.vetur-0.24.0/node_modules/vscode-languageclient/lib/protocolConverter.js:449:22)
	at /home/tel/.vscode-server/extensions/octref.vetur-0.24.0/node_modules/vscode-languageclient/lib/protocolConverter.js:429:42
	at Array.map (<anonymous>)
	at Object.asSymbolInformations (/home/tel/.vscode-server/extensions/octref.vetur-0.24.0/node_modules/vscode-languageclient/lib/protocolConverter.js:429:23)
	at /home/tel/.vscode-server/extensions/octref.vetur-0.24.0/node_modules/vscode-languageclient/lib/client.js:1088:70
[2020-06-28 17:35:40.539] [exthost] [error] [octref.vetur] provider FAILED
[2020-06-28 17:35:40.539] [exthost] [error] Error: name must not be falsy
	at Function.validate (/home/tel/.vscode-server/bin/a5d1cc28bb5da32ec67e86cc50f84c67cc690321/out/vs/server/remoteExtensionHostProcess.js:468:420)
	at new e (/home/tel/.vscode-server/bin/a5d1cc28bb5da32ec67e86cc50f84c67cc690321/out/vs/server/remoteExtensionHostProcess.js:468:369)
	at new e (/home/tel/.vscode-server/bin/a5d1cc28bb5da32ec67e86cc50f84c67cc690321/out/vs/server/remoteExtensionHostProcess.js:455:44)
	at asSymbolInformation (/home/tel/.vscode-server/extensions/octref.vetur-0.24.0/node_modules/vscode-languageclient/lib/protocolConverter.js:449:22)
	at /home/tel/.vscode-server/extensions/octref.vetur-0.24.0/node_modules/vscode-languageclient/lib/protocolConverter.js:429:42
	at Array.map (<anonymous>)
	at Object.asSymbolInformations (/home/tel/.vscode-server/extensions/octref.vetur-0.24.0/node_modules/vscode-languageclient/lib/protocolConverter.js:429:23)
	at /home/tel/.vscode-server/extensions/octref.vetur-0.24.0/node_modules/vscode-languageclient/lib/client.js:1088:70
[2020-06-28 17:35:59.182] [exthost] [error] [octref.vetur] provider FAILED
[2020-06-28 17:35:59.182] [exthost] [error] Error: name must not be falsy
	at Function.validate (/home/tel/.vscode-server/bin/a5d1cc28bb5da32ec67e86cc50f84c67cc690321/out/vs/server/remoteExtensionHostProcess.js:468:420)
	at new e (/home/tel/.vscode-server/bin/a5d1cc28bb5da32ec67e86cc50f84c67cc690321/out/vs/server/remoteExtensionHostProcess.js:468:369)
	at new e (/home/tel/.vscode-server/bin/a5d1cc28bb5da32ec67e86cc50f84c67cc690321/out/vs/server/remoteExtensionHostProcess.js:455:44)
	at asSymbolInformation (/home/tel/.vscode-server/extensions/octref.vetur-0.24.0/node_modules/vscode-languageclient/lib/protocolConverter.js:449:22)
	at /home/tel/.vscode-server/extensions/octref.vetur-0.24.0/node_modules/vscode-languageclient/lib/protocolConverter.js:429:42
	at Array.map (<anonymous>)
	at Object.asSymbolInformations (/home/tel/.vscode-server/extensions/octref.vetur-0.24.0/node_modules/vscode-languageclient/lib/protocolConverter.js:429:23)
	at /home/tel/.vscode-server/extensions/octref.vetur-0.24.0/node_modules/vscode-languageclient/lib/client.js:1088:70
[2020-06-28 17:36:06.687] [exthost] [error] [octref.vetur] provider FAILED
[2020-06-28 17:36:06.688] [exthost] [error] Error: name must not be falsy
	at Function.validate (/home/tel/.vscode-server/bin/a5d1cc28bb5da32ec67e86cc50f84c67cc690321/out/vs/server/remoteExtensionHostProcess.js:468:420)
	at new e (/home/tel/.vscode-server/bin/a5d1cc28bb5da32ec67e86cc50f84c67cc690321/out/vs/server/remoteExtensionHostProcess.js:468:369)
	at new e (/home/tel/.vscode-server/bin/a5d1cc28bb5da32ec67e86cc50f84c67cc690321/out/vs/server/remoteExtensionHostProcess.js:455:44)
	at asSymbolInformation (/home/tel/.vscode-server/extensions/octref.vetur-0.24.0/node_modules/vscode-languageclient/lib/protocolConverter.js:449:22)
	at /home/tel/.vscode-server/extensions/octref.vetur-0.24.0/node_modules/vscode-languageclient/lib/protocolConverter.js:429:42
	at Array.map (<anonymous>)
	at Object.asSymbolInformations (/home/tel/.vscode-server/extensions/octref.vetur-0.24.0/node_modules/vscode-languageclient/lib/protocolConverter.js:429:23)
	at /home/tel/.vscode-server/extensions/octref.vetur-0.24.0/node_modules/vscode-languageclient/lib/client.js:1088:70
[2020-06-28 17:37:18.691] [exthost] [error] [octref.vetur] provider FAILED
[2020-06-28 17:37:18.691] [exthost] [error] Error: name must not be falsy
	at Function.validate (/home/tel/.vscode-server/bin/a5d1cc28bb5da32ec67e86cc50f84c67cc690321/out/vs/server/remoteExtensionHostProcess.js:468:420)
	at new e (/home/tel/.vscode-server/bin/a5d1cc28bb5da32ec67e86cc50f84c67cc690321/out/vs/server/remoteExtensionHostProcess.js:468:369)
	at new e (/home/tel/.vscode-server/bin/a5d1cc28bb5da32ec67e86cc50f84c67cc690321/out/vs/server/remoteExtensionHostProcess.js:455:44)
	at asSymbolInformation (/home/tel/.vscode-server/extensions/octref.vetur-0.24.0/node_modules/vscode-languageclient/lib/protocolConverter.js:449:22)
	at /home/tel/.vscode-server/extensions/octref.vetur-0.24.0/node_modules/vscode-languageclient/lib/protocolConverter.js:429:42
	at Array.map (<anonymous>)
	at Object.asSymbolInformations (/home/tel/.vscode-server/extensions/octref.vetur-0.24.0/node_modules/vscode-languageclient/lib/protocolConverter.js:429:23)
	at /home/tel/.vscode-server/extensions/octref.vetur-0.24.0/node_modules/vscode-languageclient/lib/client.js:1088:70
[2020-06-28 17:37:30.658] [exthost] [error] [octref.vetur] provider FAILED
[2020-06-28 17:37:30.658] [exthost] [error] Error: name must not be falsy
	at Function.validate (/home/tel/.vscode-server/bin/a5d1cc28bb5da32ec67e86cc50f84c67cc690321/out/vs/server/remoteExtensionHostProcess.js:468:420)
	at new e (/home/tel/.vscode-server/bin/a5d1cc28bb5da32ec67e86cc50f84c67cc690321/out/vs/server/remoteExtensionHostProcess.js:468:369)
	at new e (/home/tel/.vscode-server/bin/a5d1cc28bb5da32ec67e86cc50f84c67cc690321/out/vs/server/remoteExtensionHostProcess.js:455:44)
	at asSymbolInformation (/home/tel/.vscode-server/extensions/octref.vetur-0.24.0/node_modules/vscode-languageclient/lib/protocolConverter.js:449:22)
	at /home/tel/.vscode-server/extensions/octref.vetur-0.24.0/node_modules/vscode-languageclient/lib/protocolConverter.js:429:42
	at Array.map (<anonymous>)
	at Object.asSymbolInformations (/home/tel/.vscode-server/extensions/octref.vetur-0.24.0/node_modules/vscode-languageclient/lib/protocolConverter.js:429:23)
	at /home/tel/.vscode-server/extensions/octref.vetur-0.24.0/node_modules/vscode-languageclient/lib/client.js:1088:70
[2020-06-28 17:37:54.213] [exthost] [error] [octref.vetur] provider FAILED
[2020-06-28 17:37:54.213] [exthost] [error] Error: name must not be falsy
	at Function.validate (/home/tel/.vscode-server/bin/a5d1cc28bb5da32ec67e86cc50f84c67cc690321/out/vs/server/remoteExtensionHostProcess.js:468:420)
	at new e (/home/tel/.vscode-server/bin/a5d1cc28bb5da32ec67e86cc50f84c67cc690321/out/vs/server/remoteExtensionHostProcess.js:468:369)
	at new e (/home/tel/.vscode-server/bin/a5d1cc28bb5da32ec67e86cc50f84c67cc690321/out/vs/server/remoteExtensionHostProcess.js:455:44)
	at asSymbolInformation (/home/tel/.vscode-server/extensions/octref.vetur-0.24.0/node_modules/vscode-languageclient/lib/protocolConverter.js:449:22)
	at /home/tel/.vscode-server/extensions/octref.vetur-0.24.0/node_modules/vscode-languageclient/lib/protocolConverter.js:429:42
	at Array.map (<anonymous>)
	at Object.asSymbolInformations (/home/tel/.vscode-server/extensions/octref.vetur-0.24.0/node_modules/vscode-languageclient/lib/protocolConverter.js:429:23)
	at /home/tel/.vscode-server/extensions/octref.vetur-0.24.0/node_modules/vscode-languageclient/lib/client.js:1088:70
[2020-06-28 17:38:01.749] [exthost] [error] [octref.vetur] provider FAILED
[2020-06-28 17:38:01.749] [exthost] [error] Error: name must not be falsy
	at Function.validate (/home/tel/.vscode-server/bin/a5d1cc28bb5da32ec67e86cc50f84c67cc690321/out/vs/server/remoteExtensionHostProcess.js:468:420)
	at new e (/home/tel/.vscode-server/bin/a5d1cc28bb5da32ec67e86cc50f84c67cc690321/out/vs/server/remoteExtensionHostProcess.js:468:369)
	at new e (/home/tel/.vscode-server/bin/a5d1cc28bb5da32ec67e86cc50f84c67cc690321/out/vs/server/remoteExtensionHostProcess.js:455:44)
	at asSymbolInformation (/home/tel/.vscode-server/extensions/octref.vetur-0.24.0/node_modules/vscode-languageclient/lib/protocolConverter.js:449:22)
	at /home/tel/.vscode-server/extensions/octref.vetur-0.24.0/node_modules/vscode-languageclient/lib/protocolConverter.js:429:42
	at Array.map (<anonymous>)
	at Object.asSymbolInformations (/home/tel/.vscode-server/extensions/octref.vetur-0.24.0/node_modules/vscode-languageclient/lib/protocolConverter.js:429:23)
	at /home/tel/.vscode-server/extensions/octref.vetur-0.24.0/node_modules/vscode-languageclient/lib/client.js:1088:70
[2020-06-28 17:38:02.143] [exthost] [error] [octref.vetur] provider FAILED
[2020-06-28 17:38:02.144] [exthost] [error] Error: name must not be falsy
	at Function.validate (/home/tel/.vscode-server/bin/a5d1cc28bb5da32ec67e86cc50f84c67cc690321/out/vs/server/remoteExtensionHostProcess.js:468:420)
	at new e (/home/tel/.vscode-server/bin/a5d1cc28bb5da32ec67e86cc50f84c67cc690321/out/vs/server/remoteExtensionHostProcess.js:468:369)
	at new e (/home/tel/.vscode-server/bin/a5d1cc28bb5da32ec67e86cc50f84c67cc690321/out/vs/server/remoteExtensionHostProcess.js:455:44)
	at asSymbolInformation (/home/tel/.vscode-server/extensions/octref.vetur-0.24.0/node_modules/vscode-languageclient/lib/protocolConverter.js:449:22)
	at /home/tel/.vscode-server/extensions/octref.vetur-0.24.0/node_modules/vscode-languageclient/lib/protocolConverter.js:429:42
	at Array.map (<anonymous>)
	at Object.asSymbolInformations (/home/tel/.vscode-server/extensions/octref.vetur-0.24.0/node_modules/vscode-languageclient/lib/protocolConverter.js:429:23)
	at /home/tel/.vscode-server/extensions/octref.vetur-0.24.0/node_modules/vscode-languageclient/lib/client.js:1088:70
[2020-06-28 17:38:03.503] [exthost] [error] [octref.vetur] provider FAILED
[2020-06-28 17:38:03.504] [exthost] [error] Error: name must not be falsy
	at Function.validate (/home/tel/.vscode-server/bin/a5d1cc28bb5da32ec67e86cc50f84c67cc690321/out/vs/server/remoteExtensionHostProcess.js:468:420)
	at new e (/home/tel/.vscode-server/bin/a5d1cc28bb5da32ec67e86cc50f84c67cc690321/out/vs/server/remoteExtensionHostProcess.js:468:369)
	at new e (/home/tel/.vscode-server/bin/a5d1cc28bb5da32ec67e86cc50f84c67cc690321/out/vs/server/remoteExtensionHostProcess.js:455:44)
	at asSymbolInformation (/home/tel/.vscode-server/extensions/octref.vetur-0.24.0/node_modules/vscode-languageclient/lib/protocolConverter.js:449:22)
	at /home/tel/.vscode-server/extensions/octref.vetur-0.24.0/node_modules/vscode-languageclient/lib/protocolConverter.js:429:42
	at Array.map (<anonymous>)
	at Object.asSymbolInformations (/home/tel/.vscode-server/extensions/octref.vetur-0.24.0/node_modules/vscode-languageclient/lib/protocolConverter.js:429:23)
	at /home/tel/.vscode-server/extensions/octref.vetur-0.24.0/node_modules/vscode-languageclient/lib/client.js:1088:70
