[2020-06-07 16:56:32.167] [exthost] [info] extension host started
[2020-06-07 16:56:32.342] [exthost] [info] ExtensionService#_doActivateExtension vscode.debug-auto-launch {"startup":true,"extensionId":{"value":"vscode.debug-auto-launch","_lower":"vscode.debug-auto-launch"},"activationEvent":"*"}
[2020-06-07 16:56:32.343] [exthost] [info] ExtensionService#loadCommonJSModule file:///home/tel/.vscode-server/bin/5763d909d5f12fe19f215cbfdd29a91c0fa9208a/extensions/debug-auto-launch/dist/extension
[2020-06-07 16:56:32.352] [exthost] [info] ExtensionService#_doActivateExtension vscode.emmet {"startup":true,"extensionId":{"value":"vscode.emmet","_lower":"vscode.emmet"},"activationEvent":"*"}
[2020-06-07 16:56:32.353] [exthost] [info] ExtensionService#loadCommonJSModule file:///home/tel/.vscode-server/bin/5763d909d5f12fe19f215cbfdd29a91c0fa9208a/extensions/emmet/dist/extension
[2020-06-07 16:56:32.416] [exthost] [info] ExtensionService#_doActivateExtension vscode.git {"startup":true,"extensionId":{"value":"vscode.git","_lower":"vscode.git"},"activationEvent":"*"}
[2020-06-07 16:56:32.416] [exthost] [info] ExtensionService#loadCommonJSModule file:///home/tel/.vscode-server/bin/5763d909d5f12fe19f215cbfdd29a91c0fa9208a/extensions/git/dist/main
[2020-06-07 16:56:32.548] [exthost] [info] ExtensionService#_doActivateExtension vscode.github-authentication {"startup":true,"extensionId":{"value":"vscode.github-authentication","_lower":"vscode.github-authentication"},"activationEvent":"*"}
[2020-06-07 16:56:32.548] [exthost] [info] ExtensionService#loadCommonJSModule file:///home/tel/.vscode-server/bin/5763d909d5f12fe19f215cbfdd29a91c0fa9208a/extensions/github-authentication/dist/extension.js
[2020-06-07 16:56:32.594] [exthost] [info] ExtensionService#_doActivateExtension vscode.merge-conflict {"startup":true,"extensionId":{"value":"vscode.merge-conflict","_lower":"vscode.merge-conflict"},"activationEvent":"*"}
[2020-06-07 16:56:32.594] [exthost] [info] ExtensionService#loadCommonJSModule file:///home/tel/.vscode-server/bin/5763d909d5f12fe19f215cbfdd29a91c0fa9208a/extensions/merge-conflict/dist/extension
[2020-06-07 16:56:32.600] [exthost] [info] ExtensionService#_doActivateExtension vscode.search-result {"startup":true,"extensionId":{"value":"vscode.search-result","_lower":"vscode.search-result"},"activationEvent":"*"}
[2020-06-07 16:56:32.600] [exthost] [info] ExtensionService#loadCommonJSModule file:///home/tel/.vscode-server/bin/5763d909d5f12fe19f215cbfdd29a91c0fa9208a/extensions/search-result/dist/extension.js
[2020-06-07 16:56:32.603] [exthost] [info] ExtensionService#_doActivateExtension vscode.vscode-account {"startup":true,"extensionId":{"value":"vscode.vscode-account","_lower":"vscode.vscode-account"},"activationEvent":"*"}
[2020-06-07 16:56:32.603] [exthost] [info] ExtensionService#loadCommonJSModule file:///home/tel/.vscode-server/bin/5763d909d5f12fe19f215cbfdd29a91c0fa9208a/extensions/vscode-account/dist/extension.js
[2020-06-07 16:56:32.667] [exthost] [info] eager extensions activated
[2020-06-07 18:29:33.222] [exthost] [info] ExtensionService#_doActivateExtension vscode.configuration-editing {"startup":false,"extensionId":{"value":"vscode.configuration-editing","_lower":"vscode.configuration-editing"},"activationEvent":"onLanguage:jsonc"}
[2020-06-07 18:29:33.223] [exthost] [info] ExtensionService#loadCommonJSModule file:///home/tel/.vscode-server/bin/5763d909d5f12fe19f215cbfdd29a91c0fa9208a/extensions/configuration-editing/dist/extension
[2020-06-07 18:29:33.366] [exthost] [info] ExtensionService#_doActivateExtension vscode.json-language-features {"startup":false,"extensionId":{"value":"vscode.json-language-features","_lower":"vscode.json-language-features"},"activationEvent":"onLanguage:jsonc"}
[2020-06-07 18:29:33.367] [exthost] [info] ExtensionService#loadCommonJSModule file:///home/tel/.vscode-server/bin/5763d909d5f12fe19f215cbfdd29a91c0fa9208a/extensions/json-language-features/client/dist/jsonMain
[2020-06-07 18:29:33.471] [exthost] [info] ExtensionService#_doActivateExtension vscode.typescript-language-features {"startup":false,"extensionId":{"value":"vscode.typescript-language-features","_lower":"vscode.typescript-language-features"},"activationEvent":"onLanguage:jsonc"}
[2020-06-07 18:29:33.471] [exthost] [info] ExtensionService#loadCommonJSModule file:///home/tel/.vscode-server/bin/5763d909d5f12fe19f215cbfdd29a91c0fa9208a/extensions/typescript-language-features/dist/extension
[2020-06-07 18:31:40.671] [exthost] [error] {"message":"Git error","stdout":"","stderr":"fatal: Pathspec '/home/tel/myweb/index.html' is in submodule 'myweb'\n","exitCode":128,"gitErrorCode":"IsInSubmodule"}
[2020-06-07 18:31:40.671] [exthost] [error] {"message":"Git error","stdout":"","stderr":"fatal: Pathspec '/home/tel/myweb/index.html' is in submodule 'myweb'\n","exitCode":128,"gitErrorCode":"IsInSubmodule"}
[2020-06-07 18:31:40.671] [exthost] [error] {"message":"Git error","stdout":"","stderr":"fatal: Pathspec '/home/tel/myweb/index.html' is in submodule 'myweb'\n","exitCode":128,"gitErrorCode":"IsInSubmodule"}
[2020-06-07 18:31:40.671] [exthost] [error] {"message":"Git error","stdout":"","stderr":"fatal: Pathspec '/home/tel/myweb/index.html' is in submodule 'myweb'\n","exitCode":128,"gitErrorCode":"IsInSubmodule"}
[2020-06-07 18:31:40.671] [exthost] [error] {"message":"Git error","stdout":"","stderr":"fatal: Pathspec '/home/tel/myweb/index.html' is in submodule 'myweb'\n","exitCode":128,"gitErrorCode":"IsInSubmodule"}
[2020-06-07 18:31:40.671] [exthost] [error] {"message":"Git error","stdout":"","stderr":"fatal: Pathspec '/home/tel/myweb/index.html' is in submodule 'myweb'\n","exitCode":128,"gitErrorCode":"IsInSubmodule"}
[2020-06-07 18:31:40.671] [exthost] [error] {"message":"Git error","stdout":"","stderr":"fatal: Pathspec '/home/tel/myweb/index.html' is in submodule 'myweb'\n","exitCode":128,"gitErrorCode":"IsInSubmodule"}
[2020-06-07 18:31:40.671] [exthost] [error] {"message":"Git error","stdout":"","stderr":"fatal: Pathspec '/home/tel/myweb/index.html' is in submodule 'myweb'\n","exitCode":128,"gitErrorCode":"IsInSubmodule"}
[2020-06-07 18:31:40.671] [exthost] [error] {"message":"Git error","stdout":"","stderr":"fatal: Pathspec '/home/tel/myweb/index.html' is in submodule 'myweb'\n","exitCode":128,"gitErrorCode":"IsInSubmodule"}
[2020-06-07 18:31:40.671] [exthost] [error] {"message":"Git error","stdout":"","stderr":"fatal: Pathspec '/home/tel/myweb/index.html' is in submodule 'myweb'\n","exitCode":128,"gitErrorCode":"IsInSubmodule"}
[2020-06-07 18:31:40.671] [exthost] [error] {"message":"Git error","stdout":"","stderr":"fatal: Pathspec '/home/tel/myweb/index.html' is in submodule 'myweb'\n","exitCode":128,"gitErrorCode":"IsInSubmodule"}
[2020-06-07 18:31:40.671] [exthost] [error] {"message":"Git error","stdout":"","stderr":"fatal: Pathspec '/home/tel/myweb/index.html' is in submodule 'myweb'\n","exitCode":128,"gitErrorCode":"IsInSubmodule"}
[2020-06-07 18:31:40.671] [exthost] [error] {"message":"Git error","stdout":"","stderr":"fatal: Pathspec '/home/tel/myweb/index.html' is in submodule 'myweb'\n","exitCode":128,"gitErrorCode":"IsInSubmodule"}
[2020-06-07 18:31:40.671] [exthost] [error] {"message":"Git error","stdout":"","stderr":"fatal: Pathspec '/home/tel/myweb/index.html' is in submodule 'myweb'\n","exitCode":128,"gitErrorCode":"IsInSubmodule"}
[2020-06-07 18:31:40.671] [exthost] [error] {"message":"Git error","stdout":"","stderr":"fatal: Pathspec '/home/tel/myweb/index.html' is in submodule 'myweb'\n","exitCode":128,"gitErrorCode":"IsInSubmodule"}
[2020-06-07 18:31:40.671] [exthost] [error] {"message":"Git error","stdout":"","stderr":"fatal: Pathspec '/home/tel/myweb/index.html' is in submodule 'myweb'\n","exitCode":128,"gitErrorCode":"IsInSubmodule"}
[2020-06-07 18:31:40.671] [exthost] [error] {"message":"Git error","stdout":"","stderr":"fatal: Pathspec '/home/tel/myweb/index.html' is in submodule 'myweb'\n","exitCode":128,"gitErrorCode":"IsInSubmodule"}
[2020-06-07 18:31:40.672] [exthost] [error] {"message":"Git error","stdout":"","stderr":"fatal: Pathspec '/home/tel/myweb/index.html' is in submodule 'myweb'\n","exitCode":128,"gitErrorCode":"IsInSubmodule"}
[2020-06-07 18:31:40.672] [exthost] [error] {"message":"Git error","stdout":"","stderr":"fatal: Pathspec '/home/tel/myweb/index.html' is in submodule 'myweb'\n","exitCode":128,"gitErrorCode":"IsInSubmodule"}
[2020-06-07 18:31:40.672] [exthost] [error] {"message":"Git error","stdout":"","stderr":"fatal: Pathspec '/home/tel/myweb/index.html' is in submodule 'myweb'\n","exitCode":128,"gitErrorCode":"IsInSubmodule"}
[2020-06-07 18:31:40.672] [exthost] [error] {"message":"Git error","stdout":"","stderr":"fatal: Pathspec '/home/tel/myweb/index.html' is in submodule 'myweb'\n","exitCode":128,"gitErrorCode":"IsInSubmodule"}
[2020-06-07 18:31:40.672] [exthost] [error] {"message":"Git error","stdout":"","stderr":"fatal: Pathspec '/home/tel/myweb/index.html' is in submodule 'myweb'\n","exitCode":128,"gitErrorCode":"IsInSubmodule"}
[2020-06-07 18:31:40.672] [exthost] [error] {"message":"Git error","stdout":"","stderr":"fatal: Pathspec '/home/tel/myweb/index.html' is in submodule 'myweb'\n","exitCode":128,"gitErrorCode":"IsInSubmodule"}
[2020-06-07 18:31:40.672] [exthost] [error] {"message":"Git error","stdout":"","stderr":"fatal: Pathspec '/home/tel/myweb/index.html' is in submodule 'myweb'\n","exitCode":128,"gitErrorCode":"IsInSubmodule"}
[2020-06-07 18:31:40.672] [exthost] [error] {"message":"Git error","stdout":"","stderr":"fatal: Pathspec '/home/tel/myweb/index.html' is in submodule 'myweb'\n","exitCode":128,"gitErrorCode":"IsInSubmodule"}
[2020-06-07 18:31:40.672] [exthost] [error] {"message":"Git error","stdout":"","stderr":"fatal: Pathspec '/home/tel/myweb/index.html' is in submodule 'myweb'\n","exitCode":128,"gitErrorCode":"IsInSubmodule"}
[2020-06-07 18:31:40.672] [exthost] [error] {"message":"Git error","stdout":"","stderr":"fatal: Pathspec '/home/tel/myweb/index.html' is in submodule 'myweb'\n","exitCode":128,"gitErrorCode":"IsInSubmodule"}
[2020-06-07 18:31:40.672] [exthost] [error] {"message":"Git error","stdout":"","stderr":"fatal: Pathspec '/home/tel/myweb/index.html' is in submodule 'myweb'\n","exitCode":128,"gitErrorCode":"IsInSubmodule"}
[2020-06-07 18:31:40.673] [exthost] [error] {"message":"Git error","stdout":"","stderr":"fatal: Pathspec '/home/tel/myweb/index.html' is in submodule 'myweb'\n","exitCode":128,"gitErrorCode":"IsInSubmodule"}
[2020-06-07 18:31:40.673] [exthost] [error] {"message":"Git error","stdout":"","stderr":"fatal: Pathspec '/home/tel/myweb/index.html' is in submodule 'myweb'\n","exitCode":128,"gitErrorCode":"IsInSubmodule"}
[2020-06-07 18:31:40.673] [exthost] [error] {"message":"Git error","stdout":"","stderr":"fatal: Pathspec '/home/tel/myweb/index.html' is in submodule 'myweb'\n","exitCode":128,"gitErrorCode":"IsInSubmodule"}
[2020-06-07 18:31:40.679] [exthost] [error] {"message":"Git error","stdout":"","stderr":"fatal: Pathspec '/home/tel/myweb/index.html' is in submodule 'myweb'\n","exitCode":128,"gitErrorCode":"IsInSubmodule"}
[2020-06-07 18:31:40.679] [exthost] [error] {"message":"Git error","stdout":"","stderr":"fatal: Pathspec '/home/tel/myweb/index.html' is in submodule 'myweb'\n","exitCode":128,"gitErrorCode":"IsInSubmodule"}
[2020-06-07 18:31:40.679] [exthost] [error] {"message":"Git error","stdout":"","stderr":"fatal: Pathspec '/home/tel/myweb/index.html' is in submodule 'myweb'\n","exitCode":128,"gitErrorCode":"IsInSubmodule"}
[2020-06-07 18:33:07.430] [exthost] [info] ExtensionService#_doActivateExtension vscode.extension-editing {"startup":false,"extensionId":{"value":"vscode.extension-editing","_lower":"vscode.extension-editing"},"activationEvent":"onLanguage:json"}
[2020-06-07 18:33:07.430] [exthost] [info] ExtensionService#loadCommonJSModule file:///home/tel/.vscode-server/bin/5763d909d5f12fe19f215cbfdd29a91c0fa9208a/extensions/extension-editing/dist/extension
[2020-06-07 18:33:07.596] [exthost] [info] ExtensionService#_doActivateExtension vscode.npm {"startup":false,"extensionId":{"value":"vscode.npm","_lower":"vscode.npm"},"activationEvent":"onLanguage:json"}
[2020-06-07 18:33:07.596] [exthost] [info] ExtensionService#loadCommonJSModule file:///home/tel/.vscode-server/bin/5763d909d5f12fe19f215cbfdd29a91c0fa9208a/extensions/npm/dist/main
